#
# A fatal error has been detected by the Java Runtime Environment:
#
#  SIGILL (0x4) at pc=0x00007f6a6d22dd86, pid=27679, tid=27700
#
# JRE version: OpenJDK Runtime Environment (11.0.7+10) (build 11.0.7+10)
# Java VM: OpenJDK 64-Bit Server VM (11.0.7+10, mixed mode, tiered, compressed oops, g1 gc, linux-amd64)
# Problematic frame:
# V  [libjvm.so+0x569d86]  PhaseChaitin::Select()+0x246
#
# Core dump will be written. Default location: Core dumps may be processed with "/usr/share/apport/apport %p %s %c %d %P %E" (or dumping to /home/george/vscode-workspace/osworks/core.27679)
#
# If you would like to submit a bug report, please visit:
#   https://github.com/AdoptOpenJDK/openjdk-support/issues
#

---------------  S U M M A R Y ------------

Command Line: -Dmaven.home=/home/george/vscode-workspace -Dmaven.multiModuleProjectDirectory=/home/george/vscode-workspace/osworks org.apache.maven.wrapper.MavenWrapperMain help:effective-pom -Doutput=/home/george/.config/Code/User/workspaceStorage/854bd58288f732fe89b306f523157c69/vscjava.vscode-maven/88d121aa06fa78d7d68b8636c96640e5 -f /home/george/vscode-workspace/osworks/pom.xml

Host: AMD Ryzen 5 1500X Quad-Core Processor, 8 cores, 15G, Pop!_OS 20.04 LTS
Time: Sun Jul  5 19:02:05 2020 -03 elapsed time: 4 seconds (0d 0h 0m 4s)

---------------  T H R E A D  ---------------

Current thread (0x00007f6a68229000):  JavaThread "C2 CompilerThread0" daemon [_thread_in_native, id=27700, stack(0x00007f6a3a0f9000,0x00007f6a3a1fa000)]


Current CompileTask:
C2:   4355 2584   !   4       org.apache.maven.model.interpolation.StringVisitorModelInterpolator$1::interpolate (97 bytes)

Stack: [0x00007f6a3a0f9000,0x00007f6a3a1fa000],  sp=0x00007f6a3a1f5440,  free space=1009k
Native frames: (J=compiled Java code, A=aot compiled Java code, j=interpreted, Vv=VM code, C=native code)
V  [libjvm.so+0x569d86]  PhaseChaitin::Select()+0x246
V  [libjvm.so+0x56c237]  PhaseChaitin::Register_Allocate()+0x7e7
V  [libjvm.so+0x62d22a]  Compile::Code_Gen()+0x28a
V  [libjvm.so+0x630738]  Compile::Compile(ciEnv*, C2Compiler*, ciMethod*, int, bool, bool, bool, DirectiveSet*)+0xc58
V  [libjvm.so+0x545630]  C2Compiler::compile_method(ciEnv*, ciMethod*, int, DirectiveSet*)+0xc0
V  [libjvm.so+0x63aadc]  CompileBroker::invoke_compiler_on_method(CompileTask*)+0x4fc
V  [libjvm.so+0x63c418]  CompileBroker::compiler_thread_loop()+0x5a8
V  [libjvm.so+0xdcc49a]  JavaThread::thread_main_inner()+0x1ba
V  [libjvm.so+0xdc911f]  Thread::call_run()+0x14f
V  [libjvm.so+0xc175ae]  thread_native_entry(Thread*)+0xee


siginfo: si_signo: 4 (SIGILL), si_code: 2 (ILL_ILLOPN), si_addr: 0x00007f6a6d22dd86

Register to memory mapping:

RAX=0x00007f6a1c59d8b0 points into unknown readable memory: 90 43 11 6e 6a 7f 00 00
RBX=0x0 is NULL
RCX=0x0000000000000008 is an unknown value
RDX=0x00000000ffffffff is an unknown value
RSP=0x00007f6a3a1f5440 is pointing into the stack for thread: 0x00007f6a68229000
RBP=0x00007f6a3a1f5530 is pointing into the stack for thread: 0x00007f6a68229000
RSI=0x00007f6a1c59d8a0 points into unknown readable memory: 07 00 00 00 00 00 00 00
RDI=0x00007f6a3a1f5460 is pointing into the stack for thread: 0x00007f6a68229000
R8 =0x0 is NULL
R9 =0x0000000000020000 is an unknown value
R10=0x0 is NULL
R11=0x0000000000200000 is an unknown value
R12=0x00000000000002bf is an unknown value
R13=0x00007f6a3a1f5460 is pointing into the stack for thread: 0x00007f6a68229000
R14=0x00007f6a1c5e60c0 points into unknown readable memory: 0a a4 27 e1 d6 dd 4d 3e
R15=0x00007f6a3a1f5930 is pointing into the stack for thread: 0x00007f6a68229000


Registers:
RAX=0x00007f6a1c59d8b0, RBX=0x0000000000000000, RCX=0x0000000000000008, RDX=0x00000000ffffffff
RSP=0x00007f6a3a1f5440, RBP=0x00007f6a3a1f5530, RSI=0x00007f6a1c59d8a0, RDI=0x00007f6a3a1f5460
R8 =0x0000000000000000, R9 =0x0000000000020000, R10=0x0000000000000000, R11=0x0000000000200000
R12=0x00000000000002bf, R13=0x00007f6a3a1f5460, R14=0x00007f6a1c5e60c0, R15=0x00007f6a3a1f5930
RIP=0x00007f6a6d22dd86, EFLAGS=0x0000000000010287, CSGSFS=0x002b000000000033, ERR=0x0000000000000000
  TRAPNO=0x0000000000000006

Top of Stack: (sp=0x00007f6a3a1f5440)
0x00007f6a3a1f5440:   00007f6a3a1f54a0 0000752f3a1f54b0
0x00007f6a3a1f5450:   0000000000000220 0000000000047f40
0x00007f6a3a1f5460:   0000000000000000 0000000000000008
0x00007f6a3a1f5470:   0000000000000000 00007f6a00000000 

Instructions: (pc=0x00007f6a6d22dd86)
0x00007f6a6d22dc86:   7c 88 41 39 d4 7c 83 8b 50 38 f7 d2 41 21 56 38
0x00007f6a6d22dc96:   8b 50 3c f7 d2 41 21 56 3c 8b 50 40 f7 d2 41 21
0x00007f6a6d22dca6:   56 40 8b 50 44 f7 d2 41 21 56 44 8b 50 48 f7 d2
0x00007f6a6d22dcb6:   41 21 56 48 8b 50 4c f7 d2 41 21 56 4c 8b 50 50
0x00007f6a6d22dcc6:   f7 d2 41 21 56 50 8b 50 54 f7 d2 41 21 56 54 8b
0x00007f6a6d22dcd6:   50 58 f7 d2 41 21 56 58 8b 50 5c f7 d2 41 21 56
0x00007f6a6d22dce6:   5c 8b 50 60 f7 d2 41 21 56 60 8b 50 64 f7 d2 41
0x00007f6a6d22dcf6:   21 56 64 8b 50 68 f7 d2 41 21 56 68 8b 50 6c f7
0x00007f6a6d22dd06:   d2 41 21 56 6c 8b 50 70 f7 d2 41 21 56 70 8b 50
0x00007f6a6d22dd16:   74 f7 d2 41 21 56 74 8b 50 78 f7 d2 41 21 56 78
0x00007f6a6d22dd26:   8b 50 7c f7 d2 41 21 56 7c 8b 90 80 00 00 00 f7
0x00007f6a6d22dd36:   d2 41 21 96 80 00 00 00 8b 90 84 00 00 00 f7 d2
0x00007f6a6d22dd46:   41 21 96 84 00 00 00 8b 90 88 00 00 00 f7 d2 41
0x00007f6a6d22dd56:   21 96 88 00 00 00 8b 80 8c 00 00 00 f7 d0 41 21
0x00007f6a6d22dd66:   86 8c 00 00 00 8b 95 30 ff ff ff 85 d2 0f 85 a5
0x00007f6a6d22dd76:   fe ff ff 0f 1f 80 00 00 00 00 4c 89 ef e8 08 00
0x00007f6a6d22dd86:   2f 00 85 c0 0f 85 df fe ff ff 41 0f b7 b6 94 00
0x00007f6a6d22dd96:   00 00 83 fe 01 89 f0 0f 8e f5 01 00 00 41 f6 86
0x00007f6a6d22dda6:   99 00 00 00 01 0f 84 d6 01 00 00 66 83 fe 01 0f
0x00007f6a6d22ddb6:   84 f1 01 00 00 41 8b be 8c 00 00 00 ba a0 02 00
0x00007f6a6d22ddc6:   00 85 ff 0f 85 4c 01 00 00 41 8b be 88 00 00 00
0x00007f6a6d22ddd6:   ba 80 02 00 00 85 ff 0f 85 38 01 00 00 41 8b be
0x00007f6a6d22dde6:   84 00 00 00 ba 60 02 00 00 85 ff 0f 85 24 01 00
0x00007f6a6d22ddf6:   00 41 8b be 80 00 00 00 ba 40 02 00 00 85 ff 0f
0x00007f6a6d22de06:   85 10 01 00 00 41 8b 7e 7c ba 20 02 00 00 85 ff
0x00007f6a6d22de16:   0f 85 ff 00 00 00 41 8b 7e 78 ba 00 02 00 00 85
0x00007f6a6d22de26:   ff 0f 85 ee 00 00 00 41 8b 7e 74 ba e0 01 00 00
0x00007f6a6d22de36:   85 ff 0f 85 dd 00 00 00 41 8b 7e 70 ba c0 01 00
0x00007f6a6d22de46:   00 85 ff 0f 85 cc 00 00 00 41 8b 7e 6c ba a0 01
0x00007f6a6d22de56:   00 00 85 ff 0f 85 bb 00 00 00 41 8b 7e 68 ba 80
0x00007f6a6d22de66:   01 00 00 85 ff 0f 85 aa 00 00 00 41 8b 7e 64 ba
0x00007f6a6d22de76:   60 01 00 00 85 ff 0f 85 99 00 00 00 41 8b 7e 60 


Stack slot to memory mapping:
stack at sp + 0 slots: 0x00007f6a3a1f54a0 is pointing into the stack for thread: 0x00007f6a68229000
stack at sp + 1 slots: 0x0000752f3a1f54b0 is an unknown value
stack at sp + 2 slots: 0x0000000000000220 is an unknown value
stack at sp + 3 slots: 0x0000000000047f40 is an unknown value
stack at sp + 4 slots: 0x0 is NULL
stack at sp + 5 slots: 0x0000000000000008 is an unknown value
stack at sp + 6 slots: 0x0 is NULL
stack at sp + 7 slots: 0x00007f6a00000000 points into unknown readable memory: 20 00 00 00 6a 7f 00 00


---------------  P R O C E S S  ---------------

Threads class SMR info:
_java_thread_list=0x00007f6a1024b740, length=10, elements={
0x00007f6a68015800, 0x00007f6a6820e000, 0x00007f6a68212800, 0x00007f6a68227000,
0x00007f6a68229000, 0x00007f6a6822b000, 0x00007f6a6822d000, 0x00007f6a682b2000,
0x00007f6a682c6000, 0x00007f6a105a7800
}

Java Threads: ( => current thread )
  0x00007f6a68015800 JavaThread "main" [_thread_in_vm, id=27689, stack(0x00007f6a6ca74000,0x00007f6a6cb75000)]
  0x00007f6a6820e000 JavaThread "Reference Handler" daemon [_thread_blocked, id=27696, stack(0x00007f6a3b2f5000,0x00007f6a3b3f6000)]
  0x00007f6a68212800 JavaThread "Finalizer" daemon [_thread_blocked, id=27698, stack(0x00007f6a3b1f4000,0x00007f6a3b2f5000)]
  0x00007f6a68227000 JavaThread "Signal Dispatcher" daemon [_thread_blocked, id=27699, stack(0x00007f6a3a1fa000,0x00007f6a3a2fb000)]
=>0x00007f6a68229000 JavaThread "C2 CompilerThread0" daemon [_thread_in_native, id=27700, stack(0x00007f6a3a0f9000,0x00007f6a3a1fa000)]
  0x00007f6a6822b000 JavaThread "C1 CompilerThread0" daemon [_thread_in_native, id=27701, stack(0x00007f6a39ff8000,0x00007f6a3a0f9000)]
  0x00007f6a6822d000 JavaThread "Sweeper thread" daemon [_thread_blocked, id=27702, stack(0x00007f6a39ef7000,0x00007f6a39ff8000)]
  0x00007f6a682b2000 JavaThread "Service Thread" daemon [_thread_blocked, id=27704, stack(0x00007f6a39df6000,0x00007f6a39ef7000)]
  0x00007f6a682c6000 JavaThread "Common-Cleaner" daemon [_thread_blocked, id=27706, stack(0x00007f6a39bf3000,0x00007f6a39cf4000)]
  0x00007f6a105a7800 JavaThread "C2 CompilerThread1" daemon [_thread_in_native, id=27766, stack(0x00007f6a39096000,0x00007f6a39197000)]

Other Threads:
  0x00007f6a68206000 VMThread "VM Thread" [stack: 0x00007f6a3b3f8000,0x00007f6a3b4f8000] [id=27695]
  0x00007f6a682b4000 WatcherThread [stack: 0x00007f6a39cf6000,0x00007f6a39df6000] [id=27705]
  0x00007f6a6803f800 GCTaskThread "GC Thread#0" [stack: 0x00007f6a5080d000,0x00007f6a5090d000] [id=27690]
  0x00007f6a2c001000 GCTaskThread "GC Thread#1" [stack: 0x00007f6a38d7d000,0x00007f6a38e7d000] [id=27730]
  0x00007f6a2c002800 GCTaskThread "GC Thread#2" [stack: 0x00007f6a38c7b000,0x00007f6a38d7b000] [id=27731]
  0x00007f6a2c004000 GCTaskThread "GC Thread#3" [stack: 0x00007f6a38b79000,0x00007f6a38c79000] [id=27732]
  0x00007f6a2c006000 GCTaskThread "GC Thread#4" [stack: 0x00007f6a38a77000,0x00007f6a38b77000] [id=27733]
  0x00007f6a2c007800 GCTaskThread "GC Thread#5" [stack: 0x00007f6a38975000,0x00007f6a38a75000] [id=27734]
  0x00007f6a6809e000 ConcurrentGCThread "G1 Main Marker" [stack: 0x00007f6a42954000,0x00007f6a42a54000] [id=27691]
  0x00007f6a6809f800 ConcurrentGCThread "G1 Conc#0" [stack: 0x00007f6a42852000,0x00007f6a42952000] [id=27692]
  0x00007f6a3c001000 ConcurrentGCThread "G1 Conc#1" [stack: 0x00007f6a38e95000,0x00007f6a38f95000] [id=27768]
  0x00007f6a681a1000 ConcurrentGCThread "G1 Refine#0" [stack: 0x00007f6a3bf00000,0x00007f6a3c000000] [id=27693]
  0x00007f6a681a3000 ConcurrentGCThread "G1 Young RemSet Sampling" [stack: 0x00007f6a3bdfe000,0x00007f6a3befe000] [id=27694]

Threads with active compile tasks:
C2 CompilerThread0   4360 2584   !   4       org.apache.maven.model.interpolation.StringVisitorModelInterpolator$1::interpolate (97 bytes)
C1 CompilerThread0   4360 2619 %     3       org.codehaus.plexus.util.xml.pull.MXParser::nextImpl @ 876 (1202 bytes)
C2 CompilerThread1   4360 2600       4       org.apache.maven.model.interpolation.StringVisitorModelInterpolator$ModelVisitor::interpolate (11 bytes)

VM state:not at safepoint (normal execution)

VM Mutex/Monitor currently owned by a thread: None

Heap address: 0x0000000705a00000, size: 4006 MB, Compressed Oops mode: Zero based, Oop shift amount: 3
Narrow klass base: 0x0000000800000000, Narrow klass shift: 0
Compressed class space size: 1073741824 Address: 0x0000000800000000

Heap:
 garbage-first heap   total 258048K, used 30491K [0x0000000705a00000, 0x0000000800000000)
  region size 1024K, 31 young (31744K), 8 survivors (8192K)
 Metaspace       used 20689K, capacity 21149K, committed 21808K, reserved 1069056K
  class space    used 2201K, capacity 2347K, committed 2432K, reserved 1048576K
Heap Regions: E=young(eden), S=young(survivor), O=old, HS=humongous(starts), HC=humongous(continues), CS=collection set, F=free, A=archive, TAMS=top-at-mark-start (previous, next)
|   0|0x0000000705a00000, 0x0000000705a85600, 0x0000000705b00000| 52%| O|  |TAMS 0x0000000705a85600, 0x0000000705a00000| Untracked 
|   1|0x0000000705b00000, 0x0000000705b00000, 0x0000000705c00000|  0%| F|  |TAMS 0x0000000705b00000, 0x0000000705b00000| Untracked 
|   2|0x0000000705c00000, 0x0000000705c00000, 0x0000000705d00000|  0%| F|  |TAMS 0x0000000705c00000, 0x0000000705c00000| Untracked 
|   3|0x0000000705d00000, 0x0000000705d00000, 0x0000000705e00000|  0%| F|  |TAMS 0x0000000705d00000, 0x0000000705d00000| Untracked 
|   4|0x0000000705e00000, 0x0000000705e00000, 0x0000000705f00000|  0%| F|  |TAMS 0x0000000705e00000, 0x0000000705e00000| Untracked 
|   5|0x0000000705f00000, 0x0000000705f00000, 0x0000000706000000|  0%| F|  |TAMS 0x0000000705f00000, 0x0000000705f00000| Untracked 
|   6|0x0000000706000000, 0x0000000706000000, 0x0000000706100000|  0%| F|  |TAMS 0x0000000706000000, 0x0000000706000000| Untracked 
|   7|0x0000000706100000, 0x0000000706100000, 0x0000000706200000|  0%| F|  |TAMS 0x0000000706100000, 0x0000000706100000| Untracked 
|   8|0x0000000706200000, 0x0000000706200000, 0x0000000706300000|  0%| F|  |TAMS 0x0000000706200000, 0x0000000706200000| Untracked 
|   9|0x0000000706300000, 0x0000000706300000, 0x0000000706400000|  0%| F|  |TAMS 0x0000000706300000, 0x0000000706300000| Untracked 
|  10|0x0000000706400000, 0x0000000706400000, 0x0000000706500000|  0%| F|  |TAMS 0x0000000706400000, 0x0000000706400000| Untracked 
|  11|0x0000000706500000, 0x0000000706500000, 0x0000000706600000|  0%| F|  |TAMS 0x0000000706500000, 0x0000000706500000| Untracked 
|  12|0x0000000706600000, 0x0000000706600000, 0x0000000706700000|  0%| F|  |TAMS 0x0000000706600000, 0x0000000706600000| Untracked 
|  13|0x0000000706700000, 0x0000000706700000, 0x0000000706800000|  0%| F|  |TAMS 0x0000000706700000, 0x0000000706700000| Untracked 
|  14|0x0000000706800000, 0x0000000706800000, 0x0000000706900000|  0%| F|  |TAMS 0x0000000706800000, 0x0000000706800000| Untracked 
|  15|0x0000000706900000, 0x0000000706900000, 0x0000000706a00000|  0%| F|  |TAMS 0x0000000706900000, 0x0000000706900000| Untracked 
|  16|0x0000000706a00000, 0x0000000706a00000, 0x0000000706b00000|  0%| F|  |TAMS 0x0000000706a00000, 0x0000000706a00000| Untracked 
|  17|0x0000000706b00000, 0x0000000706b00000, 0x0000000706c00000|  0%| F|  |TAMS 0x0000000706b00000, 0x0000000706b00000| Untracked 
|  18|0x0000000706c00000, 0x0000000706c00000, 0x0000000706d00000|  0%| F|  |TAMS 0x0000000706c00000, 0x0000000706c00000| Untracked 
|  19|0x0000000706d00000, 0x0000000706d00000, 0x0000000706e00000|  0%| F|  |TAMS 0x0000000706d00000, 0x0000000706d00000| Untracked 
|  20|0x0000000706e00000, 0x0000000706e00000, 0x0000000706f00000|  0%| F|  |TAMS 0x0000000706e00000, 0x0000000706e00000| Untracked 
|  21|0x0000000706f00000, 0x0000000706f00000, 0x0000000707000000|  0%| F|  |TAMS 0x0000000706f00000, 0x0000000706f00000| Untracked 
|  22|0x0000000707000000, 0x0000000707000000, 0x0000000707100000|  0%| F|  |TAMS 0x0000000707000000, 0x0000000707000000| Untracked 
|  23|0x0000000707100000, 0x0000000707100000, 0x0000000707200000|  0%| F|  |TAMS 0x0000000707100000, 0x0000000707100000| Untracked 
|  24|0x0000000707200000, 0x0000000707200000, 0x0000000707300000|  0%| F|  |TAMS 0x0000000707200000, 0x0000000707200000| Untracked 
|  25|0x0000000707300000, 0x0000000707300000, 0x0000000707400000|  0%| F|  |TAMS 0x0000000707300000, 0x0000000707300000| Untracked 
|  26|0x0000000707400000, 0x0000000707400000, 0x0000000707500000|  0%| F|  |TAMS 0x0000000707400000, 0x0000000707400000| Untracked 
|  27|0x0000000707500000, 0x0000000707500000, 0x0000000707600000|  0%| F|  |TAMS 0x0000000707500000, 0x0000000707500000| Untracked 
|  28|0x0000000707600000, 0x0000000707600000, 0x0000000707700000|  0%| F|  |TAMS 0x0000000707600000, 0x0000000707600000| Untracked 
|  29|0x0000000707700000, 0x0000000707700000, 0x0000000707800000|  0%| F|  |TAMS 0x0000000707700000, 0x0000000707700000| Untracked 
|  30|0x0000000707800000, 0x0000000707800000, 0x0000000707900000|  0%| F|  |TAMS 0x0000000707800000, 0x0000000707800000| Untracked 
|  31|0x0000000707900000, 0x0000000707900000, 0x0000000707a00000|  0%| F|  |TAMS 0x0000000707900000, 0x0000000707900000| Untracked 
|  32|0x0000000707a00000, 0x0000000707a00000, 0x0000000707b00000|  0%| F|  |TAMS 0x0000000707a00000, 0x0000000707a00000| Untracked 
|  33|0x0000000707b00000, 0x0000000707b00000, 0x0000000707c00000|  0%| F|  |TAMS 0x0000000707b00000, 0x0000000707b00000| Untracked 
|  34|0x0000000707c00000, 0x0000000707c00000, 0x0000000707d00000|  0%| F|  |TAMS 0x0000000707c00000, 0x0000000707c00000| Untracked 
|  35|0x0000000707d00000, 0x0000000707d00000, 0x0000000707e00000|  0%| F|  |TAMS 0x0000000707d00000, 0x0000000707d00000| Untracked 
|  36|0x0000000707e00000, 0x0000000707e00000, 0x0000000707f00000|  0%| F|  |TAMS 0x0000000707e00000, 0x0000000707e00000| Untracked 
|  37|0x0000000707f00000, 0x0000000707f00000, 0x0000000708000000|  0%| F|  |TAMS 0x0000000707f00000, 0x0000000707f00000| Untracked 
|  38|0x0000000708000000, 0x0000000708000000, 0x0000000708100000|  0%| F|  |TAMS 0x0000000708000000, 0x0000000708000000| Untracked 
|  39|0x0000000708100000, 0x0000000708100000, 0x0000000708200000|  0%| F|  |TAMS 0x0000000708100000, 0x0000000708100000| Untracked 
|  40|0x0000000708200000, 0x0000000708200000, 0x0000000708300000|  0%| F|  |TAMS 0x0000000708200000, 0x0000000708200000| Untracked 
|  41|0x0000000708300000, 0x0000000708300000, 0x0000000708400000|  0%| F|  |TAMS 0x0000000708300000, 0x0000000708300000| Untracked 
|  42|0x0000000708400000, 0x0000000708400000, 0x0000000708500000|  0%| F|  |TAMS 0x0000000708400000, 0x0000000708400000| Untracked 
|  43|0x0000000708500000, 0x0000000708500000, 0x0000000708600000|  0%| F|  |TAMS 0x0000000708500000, 0x0000000708500000| Untracked 
|  44|0x0000000708600000, 0x0000000708600000, 0x0000000708700000|  0%| F|  |TAMS 0x0000000708600000, 0x0000000708600000| Untracked 
|  45|0x0000000708700000, 0x0000000708700000, 0x0000000708800000|  0%| F|  |TAMS 0x0000000708700000, 0x0000000708700000| Untracked 
|  46|0x0000000708800000, 0x0000000708800000, 0x0000000708900000|  0%| F|  |TAMS 0x0000000708800000, 0x0000000708800000| Untracked 
|  47|0x0000000708900000, 0x0000000708900000, 0x0000000708a00000|  0%| F|  |TAMS 0x0000000708900000, 0x0000000708900000| Untracked 
|  48|0x0000000708a00000, 0x0000000708a00000, 0x0000000708b00000|  0%| F|  |TAMS 0x0000000708a00000, 0x0000000708a00000| Untracked 
|  49|0x0000000708b00000, 0x0000000708b00000, 0x0000000708c00000|  0%| F|  |TAMS 0x0000000708b00000, 0x0000000708b00000| Untracked 
|  50|0x0000000708c00000, 0x0000000708c00000, 0x0000000708d00000|  0%| F|  |TAMS 0x0000000708c00000, 0x0000000708c00000| Untracked 
|  51|0x0000000708d00000, 0x0000000708d00000, 0x0000000708e00000|  0%| F|  |TAMS 0x0000000708d00000, 0x0000000708d00000| Untracked 
|  52|0x0000000708e00000, 0x0000000708e00000, 0x0000000708f00000|  0%| F|  |TAMS 0x0000000708e00000, 0x0000000708e00000| Untracked 
|  53|0x0000000708f00000, 0x0000000708f00000, 0x0000000709000000|  0%| F|  |TAMS 0x0000000708f00000, 0x0000000708f00000| Untracked 
|  54|0x0000000709000000, 0x0000000709000000, 0x0000000709100000|  0%| F|  |TAMS 0x0000000709000000, 0x0000000709000000| Untracked 
|  55|0x0000000709100000, 0x0000000709100000, 0x0000000709200000|  0%| F|  |TAMS 0x0000000709100000, 0x0000000709100000| Untracked 
|  56|0x0000000709200000, 0x0000000709200000, 0x0000000709300000|  0%| F|  |TAMS 0x0000000709200000, 0x0000000709200000| Untracked 
|  57|0x0000000709300000, 0x0000000709300000, 0x0000000709400000|  0%| F|  |TAMS 0x0000000709300000, 0x0000000709300000| Untracked 
|  58|0x0000000709400000, 0x0000000709400000, 0x0000000709500000|  0%| F|  |TAMS 0x0000000709400000, 0x0000000709400000| Untracked 
|  59|0x0000000709500000, 0x0000000709500000, 0x0000000709600000|  0%| F|  |TAMS 0x0000000709500000, 0x0000000709500000| Untracked 
|  60|0x0000000709600000, 0x0000000709600000, 0x0000000709700000|  0%| F|  |TAMS 0x0000000709600000, 0x0000000709600000| Untracked 
|  61|0x0000000709700000, 0x0000000709700000, 0x0000000709800000|  0%| F|  |TAMS 0x0000000709700000, 0x0000000709700000| Untracked 
|  62|0x0000000709800000, 0x0000000709800000, 0x0000000709900000|  0%| F|  |TAMS 0x0000000709800000, 0x0000000709800000| Untracked 
|  63|0x0000000709900000, 0x0000000709900000, 0x0000000709a00000|  0%| F|  |TAMS 0x0000000709900000, 0x0000000709900000| Untracked 
|  64|0x0000000709a00000, 0x0000000709a00000, 0x0000000709b00000|  0%| F|  |TAMS 0x0000000709a00000, 0x0000000709a00000| Untracked 
|  65|0x0000000709b00000, 0x0000000709b00000, 0x0000000709c00000|  0%| F|  |TAMS 0x0000000709b00000, 0x0000000709b00000| Untracked 
|  66|0x0000000709c00000, 0x0000000709c00000, 0x0000000709d00000|  0%| F|  |TAMS 0x0000000709c00000, 0x0000000709c00000| Untracked 
|  67|0x0000000709d00000, 0x0000000709d00000, 0x0000000709e00000|  0%| F|  |TAMS 0x0000000709d00000, 0x0000000709d00000| Untracked 
|  68|0x0000000709e00000, 0x0000000709e00000, 0x0000000709f00000|  0%| F|  |TAMS 0x0000000709e00000, 0x0000000709e00000| Untracked 
|  69|0x0000000709f00000, 0x0000000709f00000, 0x000000070a000000|  0%| F|  |TAMS 0x0000000709f00000, 0x0000000709f00000| Untracked 
|  70|0x000000070a000000, 0x000000070a000000, 0x000000070a100000|  0%| F|  |TAMS 0x000000070a000000, 0x000000070a000000| Untracked 
|  71|0x000000070a100000, 0x000000070a100000, 0x000000070a200000|  0%| F|  |TAMS 0x000000070a100000, 0x000000070a100000| Untracked 
|  72|0x000000070a200000, 0x000000070a200000, 0x000000070a300000|  0%| F|  |TAMS 0x000000070a200000, 0x000000070a200000| Untracked 
|  73|0x000000070a300000, 0x000000070a300000, 0x000000070a400000|  0%| F|  |TAMS 0x000000070a300000, 0x000000070a300000| Untracked 
|  74|0x000000070a400000, 0x000000070a400000, 0x000000070a500000|  0%| F|  |TAMS 0x000000070a400000, 0x000000070a400000| Untracked 
|  75|0x000000070a500000, 0x000000070a500000, 0x000000070a600000|  0%| F|  |TAMS 0x000000070a500000, 0x000000070a500000| Untracked 
|  76|0x000000070a600000, 0x000000070a600000, 0x000000070a700000|  0%| F|  |TAMS 0x000000070a600000, 0x000000070a600000| Untracked 
|  77|0x000000070a700000, 0x000000070a700000, 0x000000070a800000|  0%| F|  |TAMS 0x000000070a700000, 0x000000070a700000| Untracked 
|  78|0x000000070a800000, 0x000000070a800000, 0x000000070a900000|  0%| F|  |TAMS 0x000000070a800000, 0x000000070a800000| Untracked 
|  79|0x000000070a900000, 0x000000070a900000, 0x000000070aa00000|  0%| F|  |TAMS 0x000000070a900000, 0x000000070a900000| Untracked 
|  80|0x000000070aa00000, 0x000000070aa00000, 0x000000070ab00000|  0%| F|  |TAMS 0x000000070aa00000, 0x000000070aa00000| Untracked 
|  81|0x000000070ab00000, 0x000000070ab00000, 0x000000070ac00000|  0%| F|  |TAMS 0x000000070ab00000, 0x000000070ab00000| Untracked 
|  82|0x000000070ac00000, 0x000000070ac00000, 0x000000070ad00000|  0%| F|  |TAMS 0x000000070ac00000, 0x000000070ac00000| Untracked 
|  83|0x000000070ad00000, 0x000000070ad00000, 0x000000070ae00000|  0%| F|  |TAMS 0x000000070ad00000, 0x000000070ad00000| Untracked 
|  84|0x000000070ae00000, 0x000000070ae00000, 0x000000070af00000|  0%| F|  |TAMS 0x000000070ae00000, 0x000000070ae00000| Untracked 
|  85|0x000000070af00000, 0x000000070af00000, 0x000000070b000000|  0%| F|  |TAMS 0x000000070af00000, 0x000000070af00000| Untracked 
|  86|0x000000070b000000, 0x000000070b000000, 0x000000070b100000|  0%| F|  |TAMS 0x000000070b000000, 0x000000070b000000| Untracked 
|  87|0x000000070b100000, 0x000000070b100000, 0x000000070b200000|  0%| F|  |TAMS 0x000000070b100000, 0x000000070b100000| Untracked 
|  88|0x000000070b200000, 0x000000070b200000, 0x000000070b300000|  0%| F|  |TAMS 0x000000070b200000, 0x000000070b200000| Untracked 
|  89|0x000000070b300000, 0x000000070b300000, 0x000000070b400000|  0%| F|  |TAMS 0x000000070b300000, 0x000000070b300000| Untracked 
|  90|0x000000070b400000, 0x000000070b400000, 0x000000070b500000|  0%| F|  |TAMS 0x000000070b400000, 0x000000070b400000| Untracked 
|  91|0x000000070b500000, 0x000000070b500000, 0x000000070b600000|  0%| F|  |TAMS 0x000000070b500000, 0x000000070b500000| Untracked 
|  92|0x000000070b600000, 0x000000070b600000, 0x000000070b700000|  0%| F|  |TAMS 0x000000070b600000, 0x000000070b600000| Untracked 
|  93|0x000000070b700000, 0x000000070b700000, 0x000000070b800000|  0%| F|  |TAMS 0x000000070b700000, 0x000000070b700000| Untracked 
|  94|0x000000070b800000, 0x000000070b800000, 0x000000070b900000|  0%| F|  |TAMS 0x000000070b800000, 0x000000070b800000| Untracked 
|  95|0x000000070b900000, 0x000000070b900000, 0x000000070ba00000|  0%| F|  |TAMS 0x000000070b900000, 0x000000070b900000| Untracked 
|  96|0x000000070ba00000, 0x000000070ba00000, 0x000000070bb00000|  0%| F|  |TAMS 0x000000070ba00000, 0x000000070ba00000| Untracked 
|  97|0x000000070bb00000, 0x000000070bb00000, 0x000000070bc00000|  0%| F|  |TAMS 0x000000070bb00000, 0x000000070bb00000| Untracked 
|  98|0x000000070bc00000, 0x000000070bc00000, 0x000000070bd00000|  0%| F|  |TAMS 0x000000070bc00000, 0x000000070bc00000| Untracked 
|  99|0x000000070bd00000, 0x000000070bd00000, 0x000000070be00000|  0%| F|  |TAMS 0x000000070bd00000, 0x000000070bd00000| Untracked 
| 100|0x000000070be00000, 0x000000070be00000, 0x000000070bf00000|  0%| F|  |TAMS 0x000000070be00000, 0x000000070be00000| Untracked 
| 101|0x000000070bf00000, 0x000000070bf00000, 0x000000070c000000|  0%| F|  |TAMS 0x000000070bf00000, 0x000000070bf00000| Untracked 
| 102|0x000000070c000000, 0x000000070c000000, 0x000000070c100000|  0%| F|  |TAMS 0x000000070c000000, 0x000000070c000000| Untracked 
| 103|0x000000070c100000, 0x000000070c100000, 0x000000070c200000|  0%| F|  |TAMS 0x000000070c100000, 0x000000070c100000| Untracked 
| 104|0x000000070c200000, 0x000000070c200000, 0x000000070c300000|  0%| F|  |TAMS 0x000000070c200000, 0x000000070c200000| Untracked 
| 105|0x000000070c300000, 0x000000070c300000, 0x000000070c400000|  0%| F|  |TAMS 0x000000070c300000, 0x000000070c300000| Untracked 
| 106|0x000000070c400000, 0x000000070c400000, 0x000000070c500000|  0%| F|  |TAMS 0x000000070c400000, 0x000000070c400000| Untracked 
| 107|0x000000070c500000, 0x000000070c500000, 0x000000070c600000|  0%| F|  |TAMS 0x000000070c500000, 0x000000070c500000| Untracked 
| 108|0x000000070c600000, 0x000000070c600000, 0x000000070c700000|  0%| F|  |TAMS 0x000000070c600000, 0x000000070c600000| Untracked 
| 109|0x000000070c700000, 0x000000070c700000, 0x000000070c800000|  0%| F|  |TAMS 0x000000070c700000, 0x000000070c700000| Untracked 
| 110|0x000000070c800000, 0x000000070c800000, 0x000000070c900000|  0%| F|  |TAMS 0x000000070c800000, 0x000000070c800000| Untracked 
| 111|0x000000070c900000, 0x000000070c900000, 0x000000070ca00000|  0%| F|  |TAMS 0x000000070c900000, 0x000000070c900000| Untracked 
| 112|0x000000070ca00000, 0x000000070ca00000, 0x000000070cb00000|  0%| F|  |TAMS 0x000000070ca00000, 0x000000070ca00000| Untracked 
| 113|0x000000070cb00000, 0x000000070cb00000, 0x000000070cc00000|  0%| F|  |TAMS 0x000000070cb00000, 0x000000070cb00000| Untracked 
| 114|0x000000070cc00000, 0x000000070cc00000, 0x000000070cd00000|  0%| F|  |TAMS 0x000000070cc00000, 0x000000070cc00000| Untracked 
| 115|0x000000070cd00000, 0x000000070cd00000, 0x000000070ce00000|  0%| F|  |TAMS 0x000000070cd00000, 0x000000070cd00000| Untracked 
| 116|0x000000070ce00000, 0x000000070ce00000, 0x000000070cf00000|  0%| F|  |TAMS 0x000000070ce00000, 0x000000070ce00000| Untracked 
| 117|0x000000070cf00000, 0x000000070cf00000, 0x000000070d000000|  0%| F|  |TAMS 0x000000070cf00000, 0x000000070cf00000| Untracked 
| 118|0x000000070d000000, 0x000000070d000000, 0x000000070d100000|  0%| F|  |TAMS 0x000000070d000000, 0x000000070d000000| Untracked 
| 119|0x000000070d100000, 0x000000070d100000, 0x000000070d200000|  0%| F|  |TAMS 0x000000070d100000, 0x000000070d100000| Untracked 
| 120|0x000000070d200000, 0x000000070d200000, 0x000000070d300000|  0%| F|  |TAMS 0x000000070d200000, 0x000000070d200000| Untracked 
| 121|0x000000070d300000, 0x000000070d300000, 0x000000070d400000|  0%| F|  |TAMS 0x000000070d300000, 0x000000070d300000| Untracked 
| 122|0x000000070d400000, 0x000000070d400000, 0x000000070d500000|  0%| F|  |TAMS 0x000000070d400000, 0x000000070d400000| Untracked 
| 123|0x000000070d500000, 0x000000070d500000, 0x000000070d600000|  0%| F|  |TAMS 0x000000070d500000, 0x000000070d500000| Untracked 
| 124|0x000000070d600000, 0x000000070d600000, 0x000000070d700000|  0%| F|  |TAMS 0x000000070d600000, 0x000000070d600000| Untracked 
| 125|0x000000070d700000, 0x000000070d700000, 0x000000070d800000|  0%| F|  |TAMS 0x000000070d700000, 0x000000070d700000| Untracked 
| 126|0x000000070d800000, 0x000000070d800000, 0x000000070d900000|  0%| F|  |TAMS 0x000000070d800000, 0x000000070d800000| Untracked 
| 127|0x000000070d900000, 0x000000070d900000, 0x000000070da00000|  0%| F|  |TAMS 0x000000070d900000, 0x000000070d900000| Untracked 
| 128|0x000000070da00000, 0x000000070da00000, 0x000000070db00000|  0%| F|  |TAMS 0x000000070da00000, 0x000000070da00000| Untracked 
| 129|0x000000070db00000, 0x000000070db00000, 0x000000070dc00000|  0%| F|  |TAMS 0x000000070db00000, 0x000000070db00000| Untracked 
| 130|0x000000070dc00000, 0x000000070dc00000, 0x000000070dd00000|  0%| F|  |TAMS 0x000000070dc00000, 0x000000070dc00000| Untracked 
| 131|0x000000070dd00000, 0x000000070dd00000, 0x000000070de00000|  0%| F|  |TAMS 0x000000070dd00000, 0x000000070dd00000| Untracked 
| 132|0x000000070de00000, 0x000000070de00000, 0x000000070df00000|  0%| F|  |TAMS 0x000000070de00000, 0x000000070de00000| Untracked 
| 133|0x000000070df00000, 0x000000070df00000, 0x000000070e000000|  0%| F|  |TAMS 0x000000070df00000, 0x000000070df00000| Untracked 
| 134|0x000000070e000000, 0x000000070e000000, 0x000000070e100000|  0%| F|  |TAMS 0x000000070e000000, 0x000000070e000000| Untracked 
| 135|0x000000070e100000, 0x000000070e100000, 0x000000070e200000|  0%| F|  |TAMS 0x000000070e100000, 0x000000070e100000| Untracked 
| 136|0x000000070e200000, 0x000000070e200000, 0x000000070e300000|  0%| F|  |TAMS 0x000000070e200000, 0x000000070e200000| Untracked 
| 137|0x000000070e300000, 0x000000070e300000, 0x000000070e400000|  0%| F|  |TAMS 0x000000070e300000, 0x000000070e300000| Untracked 
| 138|0x000000070e400000, 0x000000070e400000, 0x000000070e500000|  0%| F|  |TAMS 0x000000070e400000, 0x000000070e400000| Untracked 
| 139|0x000000070e500000, 0x000000070e500000, 0x000000070e600000|  0%| F|  |TAMS 0x000000070e500000, 0x000000070e500000| Untracked 
| 140|0x000000070e600000, 0x000000070e600000, 0x000000070e700000|  0%| F|  |TAMS 0x000000070e600000, 0x000000070e600000| Untracked 
| 141|0x000000070e700000, 0x000000070e700000, 0x000000070e800000|  0%| F|  |TAMS 0x000000070e700000, 0x000000070e700000| Untracked 
| 142|0x000000070e800000, 0x000000070e800000, 0x000000070e900000|  0%| F|  |TAMS 0x000000070e800000, 0x000000070e800000| Untracked 
| 143|0x000000070e900000, 0x000000070e900000, 0x000000070ea00000|  0%| F|  |TAMS 0x000000070e900000, 0x000000070e900000| Untracked 
| 144|0x000000070ea00000, 0x000000070ea00000, 0x000000070eb00000|  0%| F|  |TAMS 0x000000070ea00000, 0x000000070ea00000| Untracked 
| 145|0x000000070eb00000, 0x000000070eb00000, 0x000000070ec00000|  0%| F|  |TAMS 0x000000070eb00000, 0x000000070eb00000| Untracked 
| 146|0x000000070ec00000, 0x000000070ec00000, 0x000000070ed00000|  0%| F|  |TAMS 0x000000070ec00000, 0x000000070ec00000| Untracked 
| 147|0x000000070ed00000, 0x000000070ed00000, 0x000000070ee00000|  0%| F|  |TAMS 0x000000070ed00000, 0x000000070ed00000| Untracked 
| 148|0x000000070ee00000, 0x000000070ee00000, 0x000000070ef00000|  0%| F|  |TAMS 0x000000070ee00000, 0x000000070ee00000| Untracked 
| 149|0x000000070ef00000, 0x000000070ef00000, 0x000000070f000000|  0%| F|  |TAMS 0x000000070ef00000, 0x000000070ef00000| Untracked 
| 150|0x000000070f000000, 0x000000070f000000, 0x000000070f100000|  0%| F|  |TAMS 0x000000070f000000, 0x000000070f000000| Untracked 
| 151|0x000000070f100000, 0x000000070f100000, 0x000000070f200000|  0%| F|  |TAMS 0x000000070f100000, 0x000000070f100000| Untracked 
| 152|0x000000070f200000, 0x000000070f200000, 0x000000070f300000|  0%| F|  |TAMS 0x000000070f200000, 0x000000070f200000| Untracked 
| 153|0x000000070f300000, 0x000000070f300000, 0x000000070f400000|  0%| F|  |TAMS 0x000000070f300000, 0x000000070f300000| Untracked 
| 154|0x000000070f400000, 0x000000070f400000, 0x000000070f500000|  0%| F|  |TAMS 0x000000070f400000, 0x000000070f400000| Untracked 
| 155|0x000000070f500000, 0x000000070f500000, 0x000000070f600000|  0%| F|  |TAMS 0x000000070f500000, 0x000000070f500000| Untracked 
| 156|0x000000070f600000, 0x000000070f600000, 0x000000070f700000|  0%| F|  |TAMS 0x000000070f600000, 0x000000070f600000| Untracked 
| 157|0x000000070f700000, 0x000000070f700000, 0x000000070f800000|  0%| F|  |TAMS 0x000000070f700000, 0x000000070f700000| Untracked 
| 158|0x000000070f800000, 0x000000070f800000, 0x000000070f900000|  0%| F|  |TAMS 0x000000070f800000, 0x000000070f800000| Untracked 
| 159|0x000000070f900000, 0x000000070f900000, 0x000000070fa00000|  0%| F|  |TAMS 0x000000070f900000, 0x000000070f900000| Untracked 
| 160|0x000000070fa00000, 0x000000070fa00000, 0x000000070fb00000|  0%| F|  |TAMS 0x000000070fa00000, 0x000000070fa00000| Untracked 
| 161|0x000000070fb00000, 0x000000070fb00000, 0x000000070fc00000|  0%| F|  |TAMS 0x000000070fb00000, 0x000000070fb00000| Untracked 
| 162|0x000000070fc00000, 0x000000070fc00000, 0x000000070fd00000|  0%| F|  |TAMS 0x000000070fc00000, 0x000000070fc00000| Untracked 
| 163|0x000000070fd00000, 0x000000070fd00000, 0x000000070fe00000|  0%| F|  |TAMS 0x000000070fd00000, 0x000000070fd00000| Untracked 
| 164|0x000000070fe00000, 0x000000070fe00000, 0x000000070ff00000|  0%| F|  |TAMS 0x000000070fe00000, 0x000000070fe00000| Untracked 
| 165|0x000000070ff00000, 0x000000070ff00000, 0x0000000710000000|  0%| F|  |TAMS 0x000000070ff00000, 0x000000070ff00000| Untracked 
| 166|0x0000000710000000, 0x0000000710000000, 0x0000000710100000|  0%| F|  |TAMS 0x0000000710000000, 0x0000000710000000| Untracked 
| 167|0x0000000710100000, 0x0000000710100000, 0x0000000710200000|  0%| F|  |TAMS 0x0000000710100000, 0x0000000710100000| Untracked 
| 168|0x0000000710200000, 0x0000000710200000, 0x0000000710300000|  0%| F|  |TAMS 0x0000000710200000, 0x0000000710200000| Untracked 
| 169|0x0000000710300000, 0x0000000710300000, 0x0000000710400000|  0%| F|  |TAMS 0x0000000710300000, 0x0000000710300000| Untracked 
| 170|0x0000000710400000, 0x0000000710400000, 0x0000000710500000|  0%| F|  |TAMS 0x0000000710400000, 0x0000000710400000| Untracked 
| 171|0x0000000710500000, 0x0000000710500000, 0x0000000710600000|  0%| F|  |TAMS 0x0000000710500000, 0x0000000710500000| Untracked 
| 172|0x0000000710600000, 0x0000000710600000, 0x0000000710700000|  0%| F|  |TAMS 0x0000000710600000, 0x0000000710600000| Untracked 
| 173|0x0000000710700000, 0x0000000710700000, 0x0000000710800000|  0%| F|  |TAMS 0x0000000710700000, 0x0000000710700000| Untracked 
| 174|0x0000000710800000, 0x0000000710800000, 0x0000000710900000|  0%| F|  |TAMS 0x0000000710800000, 0x0000000710800000| Untracked 
| 175|0x0000000710900000, 0x0000000710900000, 0x0000000710a00000|  0%| F|  |TAMS 0x0000000710900000, 0x0000000710900000| Untracked 
| 176|0x0000000710a00000, 0x0000000710a00000, 0x0000000710b00000|  0%| F|  |TAMS 0x0000000710a00000, 0x0000000710a00000| Untracked 
| 177|0x0000000710b00000, 0x0000000710b00000, 0x0000000710c00000|  0%| F|  |TAMS 0x0000000710b00000, 0x0000000710b00000| Untracked 
| 178|0x0000000710c00000, 0x0000000710c00000, 0x0000000710d00000|  0%| F|  |TAMS 0x0000000710c00000, 0x0000000710c00000| Untracked 
| 179|0x0000000710d00000, 0x0000000710d00000, 0x0000000710e00000|  0%| F|  |TAMS 0x0000000710d00000, 0x0000000710d00000| Untracked 
| 180|0x0000000710e00000, 0x0000000710e00000, 0x0000000710f00000|  0%| F|  |TAMS 0x0000000710e00000, 0x0000000710e00000| Untracked 
| 181|0x0000000710f00000, 0x0000000710f00000, 0x0000000711000000|  0%| F|  |TAMS 0x0000000710f00000, 0x0000000710f00000| Untracked 
| 182|0x0000000711000000, 0x0000000711000000, 0x0000000711100000|  0%| F|  |TAMS 0x0000000711000000, 0x0000000711000000| Untracked 
| 183|0x0000000711100000, 0x0000000711100000, 0x0000000711200000|  0%| F|  |TAMS 0x0000000711100000, 0x0000000711100000| Untracked 
| 184|0x0000000711200000, 0x00000007112419e0, 0x0000000711300000| 25%| S|CS|TAMS 0x0000000711200000, 0x0000000711200000| Complete 
| 185|0x0000000711300000, 0x0000000711400000, 0x0000000711400000|100%| S|CS|TAMS 0x0000000711300000, 0x0000000711300000| Complete 
| 186|0x0000000711400000, 0x0000000711500000, 0x0000000711500000|100%| S|CS|TAMS 0x0000000711400000, 0x0000000711400000| Complete 
| 187|0x0000000711500000, 0x0000000711600000, 0x0000000711600000|100%| S|CS|TAMS 0x0000000711500000, 0x0000000711500000| Complete 
| 188|0x0000000711600000, 0x0000000711700000, 0x0000000711700000|100%| S|CS|TAMS 0x0000000711600000, 0x0000000711600000| Complete 
| 189|0x0000000711700000, 0x0000000711800000, 0x0000000711800000|100%| S|CS|TAMS 0x0000000711700000, 0x0000000711700000| Complete 
| 190|0x0000000711800000, 0x0000000711900000, 0x0000000711900000|100%| S|CS|TAMS 0x0000000711800000, 0x0000000711800000| Complete 
| 191|0x0000000711900000, 0x0000000711a00000, 0x0000000711a00000|100%| S|CS|TAMS 0x0000000711900000, 0x0000000711900000| Complete 
| 192|0x0000000711a00000, 0x0000000711a00000, 0x0000000711b00000|  0%| F|  |TAMS 0x0000000711a00000, 0x0000000711a00000| Untracked 
| 193|0x0000000711b00000, 0x0000000711b00000, 0x0000000711c00000|  0%| F|  |TAMS 0x0000000711b00000, 0x0000000711b00000| Untracked 
| 194|0x0000000711c00000, 0x0000000711c00000, 0x0000000711d00000|  0%| F|  |TAMS 0x0000000711c00000, 0x0000000711c00000| Untracked 
| 195|0x0000000711d00000, 0x0000000711d00000, 0x0000000711e00000|  0%| F|  |TAMS 0x0000000711d00000, 0x0000000711d00000| Untracked 
| 196|0x0000000711e00000, 0x0000000711e00000, 0x0000000711f00000|  0%| F|  |TAMS 0x0000000711e00000, 0x0000000711e00000| Untracked 
| 197|0x0000000711f00000, 0x0000000711f00000, 0x0000000712000000|  0%| F|  |TAMS 0x0000000711f00000, 0x0000000711f00000| Untracked 
| 198|0x0000000712000000, 0x0000000712000000, 0x0000000712100000|  0%| F|  |TAMS 0x0000000712000000, 0x0000000712000000| Untracked 
| 199|0x0000000712100000, 0x0000000712100000, 0x0000000712200000|  0%| F|  |TAMS 0x0000000712100000, 0x0000000712100000| Untracked 
| 200|0x0000000712200000, 0x0000000712200000, 0x0000000712300000|  0%| F|  |TAMS 0x0000000712200000, 0x0000000712200000| Untracked 
| 201|0x0000000712300000, 0x0000000712300000, 0x0000000712400000|  0%| F|  |TAMS 0x0000000712300000, 0x0000000712300000| Untracked 
| 202|0x0000000712400000, 0x0000000712400000, 0x0000000712500000|  0%| F|  |TAMS 0x0000000712400000, 0x0000000712400000| Untracked 
| 203|0x0000000712500000, 0x0000000712500000, 0x0000000712600000|  0%| F|  |TAMS 0x0000000712500000, 0x0000000712500000| Untracked 
| 204|0x0000000712600000, 0x0000000712600000, 0x0000000712700000|  0%| F|  |TAMS 0x0000000712600000, 0x0000000712600000| Untracked 
| 205|0x0000000712700000, 0x0000000712700000, 0x0000000712800000|  0%| F|  |TAMS 0x0000000712700000, 0x0000000712700000| Untracked 
| 206|0x0000000712800000, 0x0000000712800000, 0x0000000712900000|  0%| F|  |TAMS 0x0000000712800000, 0x0000000712800000| Untracked 
| 207|0x0000000712900000, 0x0000000712900000, 0x0000000712a00000|  0%| F|  |TAMS 0x0000000712900000, 0x0000000712900000| Untracked 
| 208|0x0000000712a00000, 0x0000000712a00000, 0x0000000712b00000|  0%| F|  |TAMS 0x0000000712a00000, 0x0000000712a00000| Untracked 
| 209|0x0000000712b00000, 0x0000000712b00000, 0x0000000712c00000|  0%| F|  |TAMS 0x0000000712b00000, 0x0000000712b00000| Untracked 
| 210|0x0000000712c00000, 0x0000000712c00000, 0x0000000712d00000|  0%| F|  |TAMS 0x0000000712c00000, 0x0000000712c00000| Untracked 
| 211|0x0000000712d00000, 0x0000000712d00000, 0x0000000712e00000|  0%| F|  |TAMS 0x0000000712d00000, 0x0000000712d00000| Untracked 
| 212|0x0000000712e00000, 0x0000000712e00000, 0x0000000712f00000|  0%| F|  |TAMS 0x0000000712e00000, 0x0000000712e00000| Untracked 
| 213|0x0000000712f00000, 0x0000000712f00000, 0x0000000713000000|  0%| F|  |TAMS 0x0000000712f00000, 0x0000000712f00000| Untracked 
| 214|0x0000000713000000, 0x0000000713000000, 0x0000000713100000|  0%| F|  |TAMS 0x0000000713000000, 0x0000000713000000| Untracked 
| 215|0x0000000713100000, 0x0000000713100000, 0x0000000713200000|  0%| F|  |TAMS 0x0000000713100000, 0x0000000713100000| Untracked 
| 216|0x0000000713200000, 0x0000000713200000, 0x0000000713300000|  0%| F|  |TAMS 0x0000000713200000, 0x0000000713200000| Untracked 
| 217|0x0000000713300000, 0x0000000713300000, 0x0000000713400000|  0%| F|  |TAMS 0x0000000713300000, 0x0000000713300000| Untracked 
| 218|0x0000000713400000, 0x0000000713400000, 0x0000000713500000|  0%| F|  |TAMS 0x0000000713400000, 0x0000000713400000| Untracked 
| 219|0x0000000713500000, 0x0000000713500000, 0x0000000713600000|  0%| F|  |TAMS 0x0000000713500000, 0x0000000713500000| Untracked 
| 220|0x0000000713600000, 0x0000000713600000, 0x0000000713700000|  0%| F|  |TAMS 0x0000000713600000, 0x0000000713600000| Untracked 
| 221|0x0000000713700000, 0x0000000713700000, 0x0000000713800000|  0%| F|  |TAMS 0x0000000713700000, 0x0000000713700000| Untracked 
| 222|0x0000000713800000, 0x0000000713800000, 0x0000000713900000|  0%| F|  |TAMS 0x0000000713800000, 0x0000000713800000| Untracked 
| 223|0x0000000713900000, 0x0000000713900000, 0x0000000713a00000|  0%| F|  |TAMS 0x0000000713900000, 0x0000000713900000| Untracked 
| 224|0x0000000713a00000, 0x0000000713a00000, 0x0000000713b00000|  0%| F|  |TAMS 0x0000000713a00000, 0x0000000713a00000| Untracked 
| 225|0x0000000713b00000, 0x0000000713b00000, 0x0000000713c00000|  0%| F|  |TAMS 0x0000000713b00000, 0x0000000713b00000| Untracked 
| 226|0x0000000713c00000, 0x0000000713c00000, 0x0000000713d00000|  0%| F|  |TAMS 0x0000000713c00000, 0x0000000713c00000| Untracked 
| 227|0x0000000713d00000, 0x0000000713d00000, 0x0000000713e00000|  0%| F|  |TAMS 0x0000000713d00000, 0x0000000713d00000| Untracked 
| 228|0x0000000713e00000, 0x0000000713e00000, 0x0000000713f00000|  0%| F|  |TAMS 0x0000000713e00000, 0x0000000713e00000| Untracked 
| 229|0x0000000713f00000, 0x0000000713f80800, 0x0000000714000000| 50%| E|  |TAMS 0x0000000713f00000, 0x0000000713f00000| Complete 
| 230|0x0000000714000000, 0x0000000714100000, 0x0000000714100000|100%| E|CS|TAMS 0x0000000714000000, 0x0000000714000000| Complete 
| 231|0x0000000714100000, 0x0000000714200000, 0x0000000714200000|100%| E|CS|TAMS 0x0000000714100000, 0x0000000714100000| Complete 
| 232|0x0000000714200000, 0x0000000714300000, 0x0000000714300000|100%| E|CS|TAMS 0x0000000714200000, 0x0000000714200000| Complete 
| 233|0x0000000714300000, 0x0000000714400000, 0x0000000714400000|100%| E|CS|TAMS 0x0000000714300000, 0x0000000714300000| Complete 
| 234|0x0000000714400000, 0x0000000714500000, 0x0000000714500000|100%| E|CS|TAMS 0x0000000714400000, 0x0000000714400000| Complete 
| 235|0x0000000714500000, 0x0000000714600000, 0x0000000714600000|100%| E|CS|TAMS 0x0000000714500000, 0x0000000714500000| Complete 
| 236|0x0000000714600000, 0x0000000714700000, 0x0000000714700000|100%| E|CS|TAMS 0x0000000714600000, 0x0000000714600000| Complete 
| 237|0x0000000714700000, 0x0000000714800000, 0x0000000714800000|100%| E|CS|TAMS 0x0000000714700000, 0x0000000714700000| Complete 
| 238|0x0000000714800000, 0x0000000714900000, 0x0000000714900000|100%| E|CS|TAMS 0x0000000714800000, 0x0000000714800000| Complete 
| 239|0x0000000714900000, 0x0000000714a00000, 0x0000000714a00000|100%| E|CS|TAMS 0x0000000714900000, 0x0000000714900000| Complete 
| 240|0x0000000714a00000, 0x0000000714b00000, 0x0000000714b00000|100%| E|CS|TAMS 0x0000000714a00000, 0x0000000714a00000| Complete 
| 241|0x0000000714b00000, 0x0000000714c00000, 0x0000000714c00000|100%| E|CS|TAMS 0x0000000714b00000, 0x0000000714b00000| Complete 
| 242|0x0000000714c00000, 0x0000000714d00000, 0x0000000714d00000|100%| E|CS|TAMS 0x0000000714c00000, 0x0000000714c00000| Complete 
| 243|0x0000000714d00000, 0x0000000714e00000, 0x0000000714e00000|100%| E|CS|TAMS 0x0000000714d00000, 0x0000000714d00000| Complete 
| 244|0x0000000714e00000, 0x0000000714f00000, 0x0000000714f00000|100%| E|CS|TAMS 0x0000000714e00000, 0x0000000714e00000| Complete 
| 245|0x0000000714f00000, 0x0000000715000000, 0x0000000715000000|100%| E|CS|TAMS 0x0000000714f00000, 0x0000000714f00000| Complete 
| 246|0x0000000715000000, 0x0000000715100000, 0x0000000715100000|100%| E|CS|TAMS 0x0000000715000000, 0x0000000715000000| Complete 
| 247|0x0000000715100000, 0x0000000715200000, 0x0000000715200000|100%| E|CS|TAMS 0x0000000715100000, 0x0000000715100000| Complete 
| 248|0x0000000715200000, 0x0000000715300000, 0x0000000715300000|100%| E|CS|TAMS 0x0000000715200000, 0x0000000715200000| Complete 
| 249|0x0000000715300000, 0x0000000715400000, 0x0000000715400000|100%| E|CS|TAMS 0x0000000715300000, 0x0000000715300000| Complete 
| 250|0x0000000715400000, 0x0000000715500000, 0x0000000715500000|100%| E|CS|TAMS 0x0000000715400000, 0x0000000715400000| Complete 
| 251|0x0000000715500000, 0x0000000715600000, 0x0000000715600000|100%| E|CS|TAMS 0x0000000715500000, 0x0000000715500000| Complete 

Card table byte_map: [0x00007f6a4b05a000,0x00007f6a4b82d000] _byte_map_base: 0x00007f6a4782d000

Marking Bits (Prev, Next): (CMBitMap*) 0x00007f6a6808d350, (CMBitMap*) 0x00007f6a6808d318
 Prev Bits: [0x00007f6a42b57000, 0x00007f6a469ef000)
 Next Bits: [0x00007f6a469ef000, 0x00007f6a4a887000)

Polling page: 0x00007f6a6e5b8000

Metaspace:

Usage:
  Non-class:     18,36 MB capacity,    18,05 MB ( 98%) used,   291,19 KB (  2%) free+waste,    22,94 KB ( <1%) overhead. 
      Class:      2,29 MB capacity,     2,15 MB ( 94%) used,   136,48 KB (  6%) free+waste,     9,06 KB ( <1%) overhead. 
       Both:     20,65 MB capacity,    20,20 MB ( 98%) used,   427,66 KB (  2%) free+waste,    32,00 KB ( <1%) overhead. 

Virtual space:
  Non-class space:       20,00 MB reserved,      18,92 MB ( 95%) committed 
      Class space:        1,00 GB reserved,       2,38 MB ( <1%) committed 
             Both:        1,02 GB reserved,      21,30 MB (  2%) committed 

Chunk freelists:
   Non-Class:  322,00 KB
       Class:  21,00 KB
        Both:  343,00 KB

MaxMetaspaceSize: unlimited
CompressedClassSpaceSize: 1,00 GB

CodeHeap 'non-profiled nmethods': size=120032Kb used=1298Kb max_used=1298Kb free=118733Kb
 bounds [0x00007f6a583d5000, 0x00007f6a58645000, 0x00007f6a5f90d000]
CodeHeap 'profiled nmethods': size=120028Kb used=5523Kb max_used=5523Kb free=114504Kb
 bounds [0x00007f6a50e9e000, 0x00007f6a5140e000, 0x00007f6a583d5000]
CodeHeap 'non-nmethods': size=5700Kb used=1102Kb max_used=1144Kb free=4597Kb
 bounds [0x00007f6a5090d000, 0x00007f6a50b7d000, 0x00007f6a50e9e000]
 total_blobs=3732 nmethods=2613 adapters=325
 compilation: enabled
              stopped_count=0, restarted_count=0
 full_count=0

Compilation events (20 events):
Event: 4,294 Thread 0x00007f6a6822b000 2598       1       org.apache.maven.model.ReportPlugin::getVersion (5 bytes)
Event: 4,294 Thread 0x00007f6a6822b000 nmethod 2598 0x00007f6a58513610 code [0x00007f6a585137c0, 0x00007f6a585138d0]
Event: 4,294 Thread 0x00007f6a6822b000 2597       3       org.apache.maven.model.merge.MavenModelMerger::getRepositoryBaseKey (5 bytes)
Event: 4,294 Thread 0x00007f6a6822b000 nmethod 2597 0x00007f6a513f8a90 code [0x00007f6a513f8c40, 0x00007f6a513f8e50]
Event: 4,294 Thread 0x00007f6a6822b000 2602       3       java.util.Collections::singletonIterator (9 bytes)
Event: 4,294 Thread 0x00007f6a6822b000 nmethod 2602 0x00007f6a513f8f10 code [0x00007f6a513f90e0, 0x00007f6a513f93b0]
Event: 4,294 Thread 0x00007f6a6822b000 2603       3       java.util.Collections$1::<init> (15 bytes)
Event: 4,294 Thread 0x00007f6a6822b000 nmethod 2603 0x00007f6a513f9490 code [0x00007f6a513f9640, 0x00007f6a513f9850]
Event: 4,294 Thread 0x00007f6a6822b000 2604       3       java.util.Collections$1::next (25 bytes)
Event: 4,294 Thread 0x00007f6a6822b000 nmethod 2604 0x00007f6a513f9910 code [0x00007f6a513f9ae0, 0x00007f6a513f9d68]
Event: 4,294 Thread 0x00007f6a6822b000 2601       1       org.apache.maven.model.PluginExecution::getPhase (5 bytes)
Event: 4,294 Thread 0x00007f6a6822b000 nmethod 2601 0x00007f6a58513990 code [0x00007f6a58513b40, 0x00007f6a58513c50]
Event: 4,310 Thread 0x00007f6a105a7800 nmethod 2542 0x00007f6a58513d10 code [0x00007f6a58513fe0, 0x00007f6a585177c0]
Event: 4,311 Thread 0x00007f6a105a7800 2600       4       org.apache.maven.model.interpolation.StringVisitorModelInterpolator$ModelVisitor::interpolate (11 bytes)
Event: 4,311 Thread 0x00007f6a6822b000 2606       1       org.apache.maven.plugin.descriptor.MojoDescriptor::getPluginDescriptor (5 bytes)
Event: 4,311 Thread 0x00007f6a6822b000 nmethod 2606 0x00007f6a58518890 code [0x00007f6a58518a40, 0x00007f6a58518b50]
Event: 4,311 Thread 0x00007f6a6822b000 2607       1       org.apache.maven.plugin.descriptor.MojoDescriptor::getGoal (5 bytes)
Event: 4,311 Thread 0x00007f6a6822b000 nmethod 2607 0x00007f6a58518c10 code [0x00007f6a58518dc0, 0x00007f6a58518ed0]
Event: 4,311 Thread 0x00007f6a6822b000 2608       3       org.codehaus.plexus.component.repository.ComponentDependency::<init> (11 bytes)
Event: 4,312 Thread 0x00007f6a6822b000 nmethod 2608 0x00007f6a513f9e90 code [0x00007f6a513fa040, 0x00007f6a513fa270]

GC Heap History (4 events):
Event: 1,614 GC heap before
{Heap before GC invocations=0 (full 0):
 garbage-first heap   total 258048K, used 23552K [0x0000000705a00000, 0x0000000800000000)
  region size 1024K, 24 young (24576K), 0 survivors (0K)
 Metaspace       used 13083K, capacity 13396K, committed 13824K, reserved 1060864K
  class space    used 1322K, capacity 1421K, committed 1536K, reserved 1048576K
}
Event: 1,637 GC heap after
{Heap after GC invocations=1 (full 0):
 garbage-first heap   total 258048K, used 3605K [0x0000000705a00000, 0x0000000800000000)
  region size 1024K, 3 young (3072K), 3 survivors (3072K)
 Metaspace       used 13083K, capacity 13396K, committed 13824K, reserved 1060864K
  class space    used 1322K, capacity 1421K, committed 1536K, reserved 1048576K
}
Event: 3,659 GC heap before
{Heap before GC invocations=1 (full 0):
 garbage-first heap   total 258048K, used 60949K [0x0000000705a00000, 0x0000000800000000)
  region size 1024K, 60 young (61440K), 3 survivors (3072K)
 Metaspace       used 20445K, capacity 20828K, committed 21296K, reserved 1069056K
  class space    used 2189K, capacity 2347K, committed 2432K, reserved 1048576K
}
Event: 3,674 GC heap after
{Heap after GC invocations=2 (full 0):
 garbage-first heap   total 258048K, used 7963K [0x0000000705a00000, 0x0000000800000000)
  region size 1024K, 8 young (8192K), 8 survivors (8192K)
 Metaspace       used 20445K, capacity 20828K, committed 21296K, reserved 1069056K
  class space    used 2189K, capacity 2347K, committed 2432K, reserved 1048576K
}

Deoptimization events (20 events):
Event: 4,091 Thread 0x00007f6a68015800 Uncommon trap: trap_request=0xffffffd6 fr.pc=0x00007f6a58500eb8 relative=0x0000000000000a18
Event: 4,091 Thread 0x00007f6a68015800 Uncommon trap: reason=array_check action=maybe_recompile pc=0x00007f6a58500eb8 method=java.util.AbstractCollection.toArray([Ljava/lang/Object;)[Ljava/lang/Object; @ 116 c2
Event: 4,091 Thread 0x00007f6a68015800 DEOPT PACKING pc=0x00007f6a58500eb8 sp=0x00007f6a6cb71950
Event: 4,091 Thread 0x00007f6a68015800 DEOPT UNPACKING pc=0x00007f6a509359a5 sp=0x00007f6a6cb718a0 mode 2
Event: 4,099 Thread 0x00007f6a68015800 Uncommon trap: trap_request=0xffffffbe fr.pc=0x00007f6a58502b88 relative=0x0000000000000c88
Event: 4,099 Thread 0x00007f6a68015800 Uncommon trap: reason=profile_predicate action=maybe_recompile pc=0x00007f6a58502b88 method=java.util.regex.Pattern$CharPropertyGreedy.match(Ljava/util/regex/Matcher;ILjava/lang/CharSequence;)Z @ 70 c2
Event: 4,099 Thread 0x00007f6a68015800 DEOPT PACKING pc=0x00007f6a58502b88 sp=0x00007f6a6cb71960
Event: 4,099 Thread 0x00007f6a68015800 DEOPT UNPACKING pc=0x00007f6a509359a5 sp=0x00007f6a6cb71920 mode 2
Event: 4,099 Thread 0x00007f6a68015800 Uncommon trap: trap_request=0xffffffbe fr.pc=0x00007f6a58502b88 relative=0x0000000000000c88
Event: 4,099 Thread 0x00007f6a68015800 Uncommon trap: reason=profile_predicate action=maybe_recompile pc=0x00007f6a58502b88 method=java.util.regex.Pattern$CharPropertyGreedy.match(Ljava/util/regex/Matcher;ILjava/lang/CharSequence;)Z @ 70 c2
Event: 4,099 Thread 0x00007f6a68015800 DEOPT PACKING pc=0x00007f6a58502b88 sp=0x00007f6a6cb71620
Event: 4,099 Thread 0x00007f6a68015800 DEOPT UNPACKING pc=0x00007f6a509359a5 sp=0x00007f6a6cb715e0 mode 2
Event: 4,100 Thread 0x00007f6a68015800 Uncommon trap: trap_request=0xffffffbe fr.pc=0x00007f6a58502b88 relative=0x0000000000000c88
Event: 4,100 Thread 0x00007f6a68015800 Uncommon trap: reason=profile_predicate action=maybe_recompile pc=0x00007f6a58502b88 method=java.util.regex.Pattern$CharPropertyGreedy.match(Ljava/util/regex/Matcher;ILjava/lang/CharSequence;)Z @ 70 c2
Event: 4,100 Thread 0x00007f6a68015800 DEOPT PACKING pc=0x00007f6a58502b88 sp=0x00007f6a6cb716b0
Event: 4,100 Thread 0x00007f6a68015800 DEOPT UNPACKING pc=0x00007f6a509359a5 sp=0x00007f6a6cb71670 mode 2
Event: 4,102 Thread 0x00007f6a68015800 Uncommon trap: trap_request=0xffffffbe fr.pc=0x00007f6a58502b88 relative=0x0000000000000c88
Event: 4,102 Thread 0x00007f6a68015800 Uncommon trap: reason=profile_predicate action=maybe_recompile pc=0x00007f6a58502b88 method=java.util.regex.Pattern$CharPropertyGreedy.match(Ljava/util/regex/Matcher;ILjava/lang/CharSequence;)Z @ 70 c2
Event: 4,102 Thread 0x00007f6a68015800 DEOPT PACKING pc=0x00007f6a58502b88 sp=0x00007f6a6cb712a0
Event: 4,102 Thread 0x00007f6a68015800 DEOPT UNPACKING pc=0x00007f6a509359a5 sp=0x00007f6a6cb71260 mode 2

Classes redefined (0 events):
No events

Internal exceptions (6 events):
Event: 0,679 Thread 0x00007f6a68015800 Exception <a 'java/lang/NoSuchMethodError'{0x0000000715168958}: 'int java.lang.invoke.DirectMethodHandle$Holder.invokeSpecialIFC(java.lang.Object, java.lang.Object, int)'> (0x0000000715168958) thrown at [./src/hotspot/share/interpreter/linkResolver.cpp, line 773]
Event: 2,533 Thread 0x00007f6a68015800 Exception <a 'java/lang/NoClassDefFoundError'{0x0000000712c0df40}: com/google/inject/servlet/ServletModuleTargetVisitor> (0x0000000712c0df40) thrown at [./src/hotspot/share/classfile/systemDictionary.cpp, line 220]
Event: 2,533 Thread 0x00007f6a68015800 Exception <a 'java/lang/NoClassDefFoundError'{0x0000000712c0df40}> (0x0000000712c0df40) thrown at [./src/hotspot/share/prims/jvm.cpp, line 1301]
Event: 2,533 Thread 0x00007f6a68015800 Exception <a 'java/lang/NoClassDefFoundError'{0x0000000712c11fc8}: javax/annotation/Priority> (0x0000000712c11fc8) thrown at [./src/hotspot/share/classfile/systemDictionary.cpp, line 220]
Event: 2,736 Thread 0x00007f6a68015800 Implicit null exception at 0x00007f6a583f5ff4 to 0x00007f6a583f659a
Event: 2,736 Thread 0x00007f6a68015800 Implicit null exception at 0x00007f6a583fdef4 to 0x00007f6a583fe4ae

Events (20 events):
Event: 3,911 loading class org/apache/maven/plugin/descriptor/Parameter
Event: 3,911 loading class org/apache/maven/plugin/descriptor/Parameter done
Event: 3,914 loading class org/codehaus/plexus/component/repository/ComponentRequirement
Event: 3,914 loading class org/codehaus/plexus/component/repository/ComponentRequirement done
Event: 3,922 loading class java/io/RandomAccessFile$1
Event: 3,922 loading class java/io/RandomAccessFile$1 done
Event: 3,922 loading class org/apache/maven/plugin/MavenPluginValidator
Event: 3,922 loading class org/apache/maven/plugin/MavenPluginValidator done
Event: 3,958 loading class org/apache/maven/model/Notifier
Event: 3,958 loading class org/apache/maven/model/Notifier done
Event: 4,002 loading class org/codehaus/plexus/component/repository/ComponentDependency
Event: 4,002 loading class org/codehaus/plexus/component/repository/ComponentDependency done
Event: 4,132 loading class org/apache/maven/model/merge/ModelMerger$NotifierKeyComputer
Event: 4,132 loading class org/apache/maven/model/merge/ModelMerger$NotifierKeyComputer done
Event: 4,174 loading class org/apache/maven/model/ActivationFile
Event: 4,174 loading class org/apache/maven/model/ActivationFile done
Event: 4,322 loading class sun/nio/cs/ISO_8859_1$Decoder
Event: 4,322 loading class sun/nio/cs/ISO_8859_1$Decoder done
Event: 4,322 Executing VM operation: Deoptimize
Event: 4,323 Executing VM operation: Deoptimize done


Dynamic libraries:
705a00000-715600000 rw-p 00000000 00:00 0 
715600000-800000000 ---p 00000000 00:00 0 
800000000-800260000 rw-p 00000000 00:00 0 
800260000-840000000 ---p 00000000 00:00 0 
5636fdb2d000-5636fdb2e000 r-xp 00000000 08:31 7476572                    /usr/lib/jvm/jdk-11.0.7+10/bin/java
5636fdd2e000-5636fdd2f000 r--p 00001000 08:31 7476572                    /usr/lib/jvm/jdk-11.0.7+10/bin/java
5636fdd2f000-5636fdd30000 rw-p 00002000 08:31 7476572                    /usr/lib/jvm/jdk-11.0.7+10/bin/java
5636fde78000-5636fde99000 rw-p 00000000 00:00 0                          [heap]
7f69e7db9000-7f69e8000000 rw-p 00000000 00:00 0 
7f69e8000000-7f69e8021000 rw-p 00000000 00:00 0 
7f69e8021000-7f69ec000000 ---p 00000000 00:00 0 
7f69ec000000-7f69ec021000 rw-p 00000000 00:00 0 
7f69ec021000-7f69f0000000 ---p 00000000 00:00 0 
7f69f0000000-7f69f0021000 rw-p 00000000 00:00 0 
7f69f0021000-7f69f4000000 ---p 00000000 00:00 0 
7f69f4000000-7f69f4021000 rw-p 00000000 00:00 0 
7f69f4021000-7f69f8000000 ---p 00000000 00:00 0 
7f69f8000000-7f69f8695000 rw-p 00000000 00:00 0 
7f69f8695000-7f69fc000000 ---p 00000000 00:00 0 
7f69fc000000-7f69fc021000 rw-p 00000000 00:00 0 
7f69fc021000-7f6a00000000 ---p 00000000 00:00 0 
7f6a00000000-7f6a00021000 rw-p 00000000 00:00 0 
7f6a00021000-7f6a04000000 ---p 00000000 00:00 0 
7f6a04000000-7f6a0484f000 rw-p 00000000 00:00 0 
7f6a0484f000-7f6a08000000 ---p 00000000 00:00 0 
7f6a08000000-7f6a08021000 rw-p 00000000 00:00 0 
7f6a08021000-7f6a0c000000 ---p 00000000 00:00 0 
7f6a0c000000-7f6a0c021000 rw-p 00000000 00:00 0 
7f6a0c021000-7f6a10000000 ---p 00000000 00:00 0 
7f6a10000000-7f6a105b9000 rw-p 00000000 00:00 0 
7f6a105b9000-7f6a14000000 ---p 00000000 00:00 0 
7f6a14000000-7f6a14021000 rw-p 00000000 00:00 0 
7f6a14021000-7f6a18000000 ---p 00000000 00:00 0 
7f6a18000000-7f6a18021000 rw-p 00000000 00:00 0 
7f6a18021000-7f6a1c000000 ---p 00000000 00:00 0 
7f6a1c000000-7f6a1c8ed000 rw-p 00000000 00:00 0 
7f6a1c8ed000-7f6a20000000 ---p 00000000 00:00 0 
7f6a20000000-7f6a20021000 rw-p 00000000 00:00 0 
7f6a20021000-7f6a24000000 ---p 00000000 00:00 0 
7f6a24000000-7f6a24021000 rw-p 00000000 00:00 0 
7f6a24021000-7f6a28000000 ---p 00000000 00:00 0 
7f6a28000000-7f6a28021000 rw-p 00000000 00:00 0 
7f6a28021000-7f6a2c000000 ---p 00000000 00:00 0 
7f6a2c000000-7f6a2c021000 rw-p 00000000 00:00 0 
7f6a2c021000-7f6a30000000 ---p 00000000 00:00 0 
7f6a30000000-7f6a30021000 rw-p 00000000 00:00 0 
7f6a30021000-7f6a34000000 ---p 00000000 00:00 0 
7f6a34000000-7f6a34021000 rw-p 00000000 00:00 0 
7f6a34021000-7f6a38000000 ---p 00000000 00:00 0 
7f6a38173000-7f6a3825f000 rw-p 00000000 00:00 0 
7f6a3825f000-7f6a38373000 ---p 00000000 00:00 0 
7f6a38373000-7f6a38573000 rw-p 00000000 00:00 0 
7f6a38573000-7f6a38773000 rw-p 00000000 00:00 0 
7f6a38773000-7f6a38973000 rw-p 00000000 00:00 0 
7f6a38973000-7f6a38974000 ---p 00000000 00:00 0 
7f6a38974000-7f6a38a75000 rw-p 00000000 00:00 0 
7f6a38a75000-7f6a38a76000 ---p 00000000 00:00 0 
7f6a38a76000-7f6a38b77000 rw-p 00000000 00:00 0 
7f6a38b77000-7f6a38b78000 ---p 00000000 00:00 0 
7f6a38b78000-7f6a38c79000 rw-p 00000000 00:00 0 
7f6a38c79000-7f6a38c7a000 ---p 00000000 00:00 0 
7f6a38c7a000-7f6a38d7b000 rw-p 00000000 00:00 0 
7f6a38d7b000-7f6a38d7c000 ---p 00000000 00:00 0 
7f6a38d7c000-7f6a38e7d000 rw-p 00000000 00:00 0 
7f6a38e93000-7f6a38e94000 ---p 00000000 00:00 0 
7f6a38e94000-7f6a38f95000 rw-p 00000000 00:00 0 
7f6a38f95000-7f6a38f99000 ---p 00000000 00:00 0 
7f6a38f99000-7f6a39096000 rw-p 00000000 00:00 0 
7f6a39096000-7f6a3909a000 ---p 00000000 00:00 0 
7f6a3909a000-7f6a39397000 rw-p 00000000 00:00 0 
7f6a39397000-7f6a39597000 rw-p 00000000 00:00 0 
7f6a39597000-7f6a3959a000 r-xp 00000000 08:31 1441858                    /tmp/libjansi-1.17.1-5381134983294086561.so
7f6a3959a000-7f6a39799000 ---p 00003000 08:31 1441858                    /tmp/libjansi-1.17.1-5381134983294086561.so
7f6a39799000-7f6a3979a000 rw-p 00002000 08:31 1441858                    /tmp/libjansi-1.17.1-5381134983294086561.so
7f6a3979a000-7f6a397cb000 rw-p 00000000 00:00 0 
7f6a397cb000-7f6a397e1000 r-xp 00000000 08:31 7476426                    /usr/lib/jvm/jdk-11.0.7+10/lib/libnet.so
7f6a397e1000-7f6a399e0000 ---p 00016000 08:31 7476426                    /usr/lib/jvm/jdk-11.0.7+10/lib/libnet.so
7f6a399e0000-7f6a399e1000 r--p 00015000 08:31 7476426                    /usr/lib/jvm/jdk-11.0.7+10/lib/libnet.so
7f6a399e1000-7f6a399e2000 rw-p 00016000 08:31 7476426                    /usr/lib/jvm/jdk-11.0.7+10/lib/libnet.so
7f6a399e2000-7f6a399f2000 r-xp 00000000 08:31 7476430                    /usr/lib/jvm/jdk-11.0.7+10/lib/libnio.so
7f6a399f2000-7f6a39bf1000 ---p 00010000 08:31 7476430                    /usr/lib/jvm/jdk-11.0.7+10/lib/libnio.so
7f6a39bf1000-7f6a39bf2000 r--p 0000f000 08:31 7476430                    /usr/lib/jvm/jdk-11.0.7+10/lib/libnio.so
7f6a39bf2000-7f6a39bf3000 rw-p 00010000 08:31 7476430                    /usr/lib/jvm/jdk-11.0.7+10/lib/libnio.so
7f6a39bf3000-7f6a39bf7000 ---p 00000000 00:00 0 
7f6a39bf7000-7f6a39cf4000 rw-p 00000000 00:00 0 
7f6a39cf4000-7f6a39cf5000 ---p 00000000 00:00 0 
7f6a39cf5000-7f6a39df6000 rw-p 00000000 00:00 0 
7f6a39df6000-7f6a39dfa000 ---p 00000000 00:00 0 
7f6a39dfa000-7f6a39ef7000 rw-p 00000000 00:00 0 
7f6a39ef7000-7f6a39efb000 ---p 00000000 00:00 0 
7f6a39efb000-7f6a39ff8000 rw-p 00000000 00:00 0 
7f6a39ff8000-7f6a39ffc000 ---p 00000000 00:00 0 
7f6a39ffc000-7f6a3a0f9000 rw-p 00000000 00:00 0 
7f6a3a0f9000-7f6a3a0fd000 ---p 00000000 00:00 0 
7f6a3a0fd000-7f6a3a1fa000 rw-p 00000000 00:00 0 
7f6a3a1fa000-7f6a3a1fe000 ---p 00000000 00:00 0 
7f6a3a1fe000-7f6a3a2fb000 rw-p 00000000 00:00 0 
7f6a3a2fb000-7f6a3b1f4000 r--p 00000000 08:31 7475335                    /usr/lib/locale/locale-archive
7f6a3b1f4000-7f6a3b1f8000 ---p 00000000 00:00 0 
7f6a3b1f8000-7f6a3b2f5000 rw-p 00000000 00:00 0 
7f6a3b2f5000-7f6a3b2f9000 ---p 00000000 00:00 0 
7f6a3b2f9000-7f6a3b3f6000 rw-p 00000000 00:00 0 
7f6a3b3f6000-7f6a3b3f7000 ---p 00000000 00:00 0 
7f6a3b3f7000-7f6a3bdfc000 rw-p 00000000 00:00 0 
7f6a3bdfc000-7f6a3bdfd000 ---p 00000000 00:00 0 
7f6a3bdfd000-7f6a3befe000 rw-p 00000000 00:00 0 
7f6a3befe000-7f6a3beff000 ---p 00000000 00:00 0 
7f6a3beff000-7f6a3c000000 rw-p 00000000 00:00 0 
7f6a3c000000-7f6a3c021000 rw-p 00000000 00:00 0 
7f6a3c021000-7f6a40000000 ---p 00000000 00:00 0 
7f6a40001000-7f6a40002000 r--p 00000000 08:31 7871154                    /usr/lib/x86_64-linux-gnu/libutil-2.31.so
7f6a40002000-7f6a40003000 r-xp 00001000 08:31 7871154                    /usr/lib/x86_64-linux-gnu/libutil-2.31.so
7f6a40003000-7f6a40004000 r--p 00002000 08:31 7871154                    /usr/lib/x86_64-linux-gnu/libutil-2.31.so
7f6a40004000-7f6a40005000 r--p 00002000 08:31 7871154                    /usr/lib/x86_64-linux-gnu/libutil-2.31.so
7f6a40005000-7f6a40006000 rw-p 00003000 08:31 7871154                    /usr/lib/x86_64-linux-gnu/libutil-2.31.so
7f6a40006000-7f6a42850000 rw-p 00000000 00:00 0 
7f6a42850000-7f6a42851000 ---p 00000000 00:00 0 
7f6a42851000-7f6a42952000 rw-p 00000000 00:00 0 
7f6a42952000-7f6a42953000 ---p 00000000 00:00 0 
7f6a42953000-7f6a42f47000 rw-p 00000000 00:00 0 
7f6a42f47000-7f6a469ef000 ---p 00000000 00:00 0 
7f6a469ef000-7f6a46ddf000 rw-p 00000000 00:00 0 
7f6a46ddf000-7f6a4a887000 ---p 00000000 00:00 0 
7f6a4a887000-7f6a4a905000 rw-p 00000000 00:00 0 
7f6a4a905000-7f6a4b05a000 ---p 00000000 00:00 0 
7f6a4b05a000-7f6a4b0d8000 rw-p 00000000 00:00 0 
7f6a4b0d8000-7f6a4b82d000 ---p 00000000 00:00 0 
7f6a4b82d000-7f6a4b8ab000 rw-p 00000000 00:00 0 
7f6a4b8ab000-7f6a4c000000 ---p 00000000 00:00 0 
7f6a4c000000-7f6a4c021000 rw-p 00000000 00:00 0 
7f6a4c021000-7f6a50000000 ---p 00000000 00:00 0 
7f6a50003000-7f6a5080b000 rw-p 00000000 00:00 0 
7f6a5080b000-7f6a5080c000 ---p 00000000 00:00 0 
7f6a5080c000-7f6a5090d000 rw-p 00000000 00:00 0 
7f6a5090d000-7f6a50b7d000 rwxp 00000000 00:00 0 
7f6a50b7d000-7f6a50e9e000 ---p 00000000 00:00 0 
7f6a50e9e000-7f6a5140e000 rwxp 00000000 00:00 0 
7f6a5140e000-7f6a583d5000 ---p 00000000 00:00 0 
7f6a583d5000-7f6a58645000 rwxp 00000000 00:00 0 
7f6a58645000-7f6a5f90d000 ---p 00000000 00:00 0 
7f6a5f90d000-7f6a68000000 r--s 00000000 08:31 7476438                    /usr/lib/jvm/jdk-11.0.7+10/lib/modules
7f6a68000000-7f6a68b93000 rw-p 00000000 00:00 0 
7f6a68b93000-7f6a6c000000 ---p 00000000 00:00 0 
7f6a6c01b000-7f6a6c020000 rw-p 00000000 00:00 0 
7f6a6c020000-7f6a6c106000 ---p 00000000 00:00 0 
7f6a6c106000-7f6a6c111000 rw-p 00000000 00:00 0 
7f6a6c111000-7f6a6c1f1000 ---p 00000000 00:00 0 
7f6a6c1f1000-7f6a6c1f6000 rw-p 00000000 00:00 0 
7f6a6c1f6000-7f6a6c1fd000 ---p 00000000 00:00 0 
7f6a6c1fd000-7f6a6c218000 r-xp 00000000 08:31 7476386                    /usr/lib/jvm/jdk-11.0.7+10/lib/libjimage.so
7f6a6c218000-7f6a6c418000 ---p 0001b000 08:31 7476386                    /usr/lib/jvm/jdk-11.0.7+10/lib/libjimage.so
7f6a6c418000-7f6a6c41a000 r--p 0001b000 08:31 7476386                    /usr/lib/jvm/jdk-11.0.7+10/lib/libjimage.so
7f6a6c41a000-7f6a6c41b000 rw-p 0001d000 08:31 7476386                    /usr/lib/jvm/jdk-11.0.7+10/lib/libjimage.so
7f6a6c41b000-7f6a6c422000 r-xp 00000000 08:31 7476392                    /usr/lib/jvm/jdk-11.0.7+10/lib/libzip.so
7f6a6c422000-7f6a6c621000 ---p 00007000 08:31 7476392                    /usr/lib/jvm/jdk-11.0.7+10/lib/libzip.so
7f6a6c621000-7f6a6c622000 r--p 00006000 08:31 7476392                    /usr/lib/jvm/jdk-11.0.7+10/lib/libzip.so
7f6a6c622000-7f6a6c623000 rw-p 00007000 08:31 7476392                    /usr/lib/jvm/jdk-11.0.7+10/lib/libzip.so
7f6a6c623000-7f6a6c62b000 rw-s 00000000 08:31 1441857                    /tmp/hsperfdata_george/27679
7f6a6c62b000-7f6a6c654000 r-xp 00000000 08:31 7476395                    /usr/lib/jvm/jdk-11.0.7+10/lib/libjava.so
7f6a6c654000-7f6a6c853000 ---p 00029000 08:31 7476395                    /usr/lib/jvm/jdk-11.0.7+10/lib/libjava.so
7f6a6c853000-7f6a6c854000 r--p 00028000 08:31 7476395                    /usr/lib/jvm/jdk-11.0.7+10/lib/libjava.so
7f6a6c854000-7f6a6c856000 rw-p 00029000 08:31 7476395                    /usr/lib/jvm/jdk-11.0.7+10/lib/libjava.so
7f6a6c856000-7f6a6c867000 r-xp 00000000 08:31 7476398                    /usr/lib/jvm/jdk-11.0.7+10/lib/libverify.so
7f6a6c867000-7f6a6ca66000 ---p 00011000 08:31 7476398                    /usr/lib/jvm/jdk-11.0.7+10/lib/libverify.so
7f6a6ca66000-7f6a6ca68000 r--p 00010000 08:31 7476398                    /usr/lib/jvm/jdk-11.0.7+10/lib/libverify.so
7f6a6ca68000-7f6a6ca69000 rw-p 00012000 08:31 7476398                    /usr/lib/jvm/jdk-11.0.7+10/lib/libverify.so
7f6a6ca69000-7f6a6ca6c000 r--p 00000000 08:31 7870947                    /usr/lib/x86_64-linux-gnu/librt-2.31.so
7f6a6ca6c000-7f6a6ca70000 r-xp 00003000 08:31 7870947                    /usr/lib/x86_64-linux-gnu/librt-2.31.so
7f6a6ca70000-7f6a6ca71000 r--p 00007000 08:31 7870947                    /usr/lib/x86_64-linux-gnu/librt-2.31.so
7f6a6ca71000-7f6a6ca72000 ---p 00008000 08:31 7870947                    /usr/lib/x86_64-linux-gnu/librt-2.31.so
7f6a6ca72000-7f6a6ca73000 r--p 00008000 08:31 7870947                    /usr/lib/x86_64-linux-gnu/librt-2.31.so
7f6a6ca73000-7f6a6ca74000 rw-p 00009000 08:31 7870947                    /usr/lib/x86_64-linux-gnu/librt-2.31.so
7f6a6ca74000-7f6a6ca78000 ---p 00000000 00:00 0 
7f6a6ca78000-7f6a6cb75000 rw-p 00000000 00:00 0 
7f6a6cb75000-7f6a6cb84000 r--p 00000000 08:31 7870544                    /usr/lib/x86_64-linux-gnu/libm-2.31.so
7f6a6cb84000-7f6a6cc2b000 r-xp 0000f000 08:31 7870544                    /usr/lib/x86_64-linux-gnu/libm-2.31.so
7f6a6cc2b000-7f6a6ccc2000 r--p 000b6000 08:31 7870544                    /usr/lib/x86_64-linux-gnu/libm-2.31.so
7f6a6ccc2000-7f6a6ccc3000 r--p 0014c000 08:31 7870544                    /usr/lib/x86_64-linux-gnu/libm-2.31.so
7f6a6ccc3000-7f6a6ccc4000 rw-p 0014d000 08:31 7870544                    /usr/lib/x86_64-linux-gnu/libm-2.31.so
7f6a6ccc4000-7f6a6de08000 r-xp 00000000 08:31 7476403                    /usr/lib/jvm/jdk-11.0.7+10/lib/server/libjvm.so
7f6a6de08000-7f6a6e007000 ---p 01144000 08:31 7476403                    /usr/lib/jvm/jdk-11.0.7+10/lib/server/libjvm.so
7f6a6e007000-7f6a6e0c6000 r--p 01143000 08:31 7476403                    /usr/lib/jvm/jdk-11.0.7+10/lib/server/libjvm.so
7f6a6e0c6000-7f6a6e100000 rw-p 01202000 08:31 7476403                    /usr/lib/jvm/jdk-11.0.7+10/lib/server/libjvm.so
7f6a6e100000-7f6a6e158000 rw-p 00000000 00:00 0 
7f6a6e158000-7f6a6e17d000 r--p 00000000 08:31 7869789                    /usr/lib/x86_64-linux-gnu/libc-2.31.so
7f6a6e17d000-7f6a6e2f5000 r-xp 00025000 08:31 7869789                    /usr/lib/x86_64-linux-gnu/libc-2.31.so
7f6a6e2f5000-7f6a6e33f000 r--p 0019d000 08:31 7869789                    /usr/lib/x86_64-linux-gnu/libc-2.31.so
7f6a6e33f000-7f6a6e340000 ---p 001e7000 08:31 7869789                    /usr/lib/x86_64-linux-gnu/libc-2.31.so
7f6a6e340000-7f6a6e343000 r--p 001e7000 08:31 7869789                    /usr/lib/x86_64-linux-gnu/libc-2.31.so
7f6a6e343000-7f6a6e346000 rw-p 001ea000 08:31 7869789                    /usr/lib/x86_64-linux-gnu/libc-2.31.so
7f6a6e346000-7f6a6e34a000 rw-p 00000000 00:00 0 
7f6a6e34a000-7f6a6e34b000 r--p 00000000 08:31 7869940                    /usr/lib/x86_64-linux-gnu/libdl-2.31.so
7f6a6e34b000-7f6a6e34d000 r-xp 00001000 08:31 7869940                    /usr/lib/x86_64-linux-gnu/libdl-2.31.so
7f6a6e34d000-7f6a6e34e000 r--p 00003000 08:31 7869940                    /usr/lib/x86_64-linux-gnu/libdl-2.31.so
7f6a6e34e000-7f6a6e34f000 r--p 00003000 08:31 7869940                    /usr/lib/x86_64-linux-gnu/libdl-2.31.so
7f6a6e34f000-7f6a6e350000 rw-p 00004000 08:31 7869940                    /usr/lib/x86_64-linux-gnu/libdl-2.31.so
7f6a6e350000-7f6a6e360000 r-xp 00000000 08:31 7476424                    /usr/lib/jvm/jdk-11.0.7+10/lib/jli/libjli.so
7f6a6e360000-7f6a6e55f000 ---p 00010000 08:31 7476424                    /usr/lib/jvm/jdk-11.0.7+10/lib/jli/libjli.so
7f6a6e55f000-7f6a6e560000 r--p 0000f000 08:31 7476424                    /usr/lib/jvm/jdk-11.0.7+10/lib/jli/libjli.so
7f6a6e560000-7f6a6e561000 rw-p 00010000 08:31 7476424                    /usr/lib/jvm/jdk-11.0.7+10/lib/jli/libjli.so
7f6a6e561000-7f6a6e568000 r--p 00000000 08:31 7870893                    /usr/lib/x86_64-linux-gnu/libpthread-2.31.so
7f6a6e568000-7f6a6e579000 r-xp 00007000 08:31 7870893                    /usr/lib/x86_64-linux-gnu/libpthread-2.31.so
7f6a6e579000-7f6a6e57e000 r--p 00018000 08:31 7870893                    /usr/lib/x86_64-linux-gnu/libpthread-2.31.so
7f6a6e57e000-7f6a6e57f000 r--p 0001c000 08:31 7870893                    /usr/lib/x86_64-linux-gnu/libpthread-2.31.so
7f6a6e57f000-7f6a6e580000 rw-p 0001d000 08:31 7870893                    /usr/lib/x86_64-linux-gnu/libpthread-2.31.so
7f6a6e580000-7f6a6e584000 rw-p 00000000 00:00 0 
7f6a6e584000-7f6a6e586000 r--p 00000000 08:31 7871315                    /usr/lib/x86_64-linux-gnu/libz.so.1.2.11
7f6a6e586000-7f6a6e597000 r-xp 00002000 08:31 7871315                    /usr/lib/x86_64-linux-gnu/libz.so.1.2.11
7f6a6e597000-7f6a6e59d000 r--p 00013000 08:31 7871315                    /usr/lib/x86_64-linux-gnu/libz.so.1.2.11
7f6a6e59d000-7f6a6e59e000 ---p 00019000 08:31 7871315                    /usr/lib/x86_64-linux-gnu/libz.so.1.2.11
7f6a6e59e000-7f6a6e59f000 r--p 00019000 08:31 7871315                    /usr/lib/x86_64-linux-gnu/libz.so.1.2.11
7f6a6e59f000-7f6a6e5a0000 rw-p 0001a000 08:31 7871315                    /usr/lib/x86_64-linux-gnu/libz.so.1.2.11
7f6a6e5a0000-7f6a6e5a2000 rw-p 00000000 00:00 0 
7f6a6e5a4000-7f6a6e5a7000 r--p 00000000 08:31 7870678                    /usr/lib/x86_64-linux-gnu/libnss_files-2.31.so
7f6a6e5a7000-7f6a6e5ae000 r-xp 00003000 08:31 7870678                    /usr/lib/x86_64-linux-gnu/libnss_files-2.31.so
7f6a6e5ae000-7f6a6e5b0000 r--p 0000a000 08:31 7870678                    /usr/lib/x86_64-linux-gnu/libnss_files-2.31.so
7f6a6e5b0000-7f6a6e5b1000 r--p 0000b000 08:31 7870678                    /usr/lib/x86_64-linux-gnu/libnss_files-2.31.so
7f6a6e5b1000-7f6a6e5b2000 rw-p 0000c000 08:31 7870678                    /usr/lib/x86_64-linux-gnu/libnss_files-2.31.so
7f6a6e5b2000-7f6a6e5b8000 rw-p 00000000 00:00 0 
7f6a6e5b8000-7f6a6e5b9000 ---p 00000000 00:00 0 
7f6a6e5b9000-7f6a6e5ba000 r--p 00000000 00:00 0 
7f6a6e5ba000-7f6a6e5bb000 r--p 00000000 08:31 7869556                    /usr/lib/x86_64-linux-gnu/ld-2.31.so
7f6a6e5bb000-7f6a6e5de000 r-xp 00001000 08:31 7869556                    /usr/lib/x86_64-linux-gnu/ld-2.31.so
7f6a6e5de000-7f6a6e5e6000 r--p 00024000 08:31 7869556                    /usr/lib/x86_64-linux-gnu/ld-2.31.so
7f6a6e5e7000-7f6a6e5e8000 r--p 0002c000 08:31 7869556                    /usr/lib/x86_64-linux-gnu/ld-2.31.so
7f6a6e5e8000-7f6a6e5e9000 rw-p 0002d000 08:31 7869556                    /usr/lib/x86_64-linux-gnu/ld-2.31.so
7f6a6e5e9000-7f6a6e5ea000 rw-p 00000000 00:00 0 
7ffc1b978000-7ffc1b99a000 rw-p 00000000 00:00 0                          [stack]
7ffc1b9d4000-7ffc1b9d7000 r--p 00000000 00:00 0                          [vvar]
7ffc1b9d7000-7ffc1b9d8000 r-xp 00000000 00:00 0                          [vdso]
ffffffffff600000-ffffffffff601000 --xp 00000000 00:00 0                  [vsyscall]


VM Arguments:
jvm_args: -Dmaven.home=/home/george/vscode-workspace -Dmaven.multiModuleProjectDirectory=/home/george/vscode-workspace/osworks 
java_command: org.apache.maven.wrapper.MavenWrapperMain help:effective-pom -Doutput=/home/george/.config/Code/User/workspaceStorage/854bd58288f732fe89b306f523157c69/vscjava.vscode-maven/88d121aa06fa78d7d68b8636c96640e5 -f /home/george/vscode-workspace/osworks/pom.xml
java_class_path (initial): /home/george/vscode-workspace/osworks/.mvn/wrapper/maven-wrapper.jar
Launcher Type: SUN_STANDARD

[Global flags]
     intx CICompilerCount                          = 4                                         {product} {ergonomic}
     uint ConcGCThreads                            = 2                                         {product} {ergonomic}
     uint G1ConcRefinementThreads                  = 8                                         {product} {ergonomic}
   size_t G1HeapRegionSize                         = 1048576                                   {product} {ergonomic}
    uintx GCDrainStackTargetSize                   = 64                                        {product} {ergonomic}
   size_t InitialHeapSize                          = 264241152                                 {product} {ergonomic}
   size_t MarkStackSize                            = 4194304                                   {product} {ergonomic}
   size_t MaxHeapSize                              = 4200595456                                {product} {ergonomic}
   size_t MaxNewSize                               = 2519728128                                {product} {ergonomic}
   size_t MinHeapDeltaBytes                        = 1048576                                   {product} {ergonomic}
    uintx NonNMethodCodeHeapSize                   = 5836300                                {pd product} {ergonomic}
    uintx NonProfiledCodeHeapSize                  = 122910970                              {pd product} {ergonomic}
    uintx ProfiledCodeHeapSize                     = 122910970                              {pd product} {ergonomic}
    uintx ReservedCodeCacheSize                    = 251658240                              {pd product} {ergonomic}
     bool SegmentedCodeCache                       = true                                      {product} {ergonomic}
     bool UseCompressedClassPointers               = true                                 {lp64_product} {ergonomic}
     bool UseCompressedOops                        = true                                 {lp64_product} {ergonomic}
     bool UseG1GC                                  = true                                      {product} {ergonomic}

Logging:
Log output configuration:
 #0: stdout all=warning uptime,level,tags
 #1: stderr all=off uptime,level,tags

Environment Variables:
JAVA_HOME=/usr/lib/jvm/jdk-11.0.7+10
PATH=/usr/local/sbin:/usr/local/bin:/usr/sbin:/usr/bin:/sbin:/bin:/usr/games:/usr/local/games:/home/george/opt/node-v12.16.0-linux-x64/bin
USERNAME=george
SHELL=/usr/bin/zsh
DISPLAY=:1

Signal Handlers:
SIGSEGV: [libjvm.so+0xe3c230], sa_mask[0]=11111111011111111101111111111110, sa_flags=SA_RESTART|SA_SIGINFO
SIGBUS: [libjvm.so+0xe3c230], sa_mask[0]=11111111011111111101111111111110, sa_flags=SA_RESTART|SA_SIGINFO
SIGFPE: [libjvm.so+0xe3c230], sa_mask[0]=11111111011111111101111111111110, sa_flags=SA_RESTART|SA_SIGINFO
SIGPIPE: [libjvm.so+0xc0d420], sa_mask[0]=11111111011111111101111111111110, sa_flags=SA_RESTART|SA_SIGINFO
SIGXFSZ: [libjvm.so+0xc0d420], sa_mask[0]=11111111011111111101111111111110, sa_flags=SA_RESTART|SA_SIGINFO
SIGILL: [libjvm.so+0xe3c230], sa_mask[0]=11111111011111111101111111111110, sa_flags=SA_RESTART|SA_SIGINFO
SIGUSR2: [libjvm.so+0xc0d2c0], sa_mask[0]=00000000000000000000000000000000, sa_flags=SA_RESTART|SA_SIGINFO
SIGHUP: [libjvm.so+0xc0d620], sa_mask[0]=11111111011111111101111111111110, sa_flags=SA_RESTART|SA_SIGINFO
SIGINT: [libjvm.so+0xc0d620], sa_mask[0]=11111111011111111101111111111110, sa_flags=SA_RESTART|SA_SIGINFO
SIGTERM: [libjvm.so+0xc0d620], sa_mask[0]=11111111011111111101111111111110, sa_flags=SA_RESTART|SA_SIGINFO
SIGQUIT: [libjvm.so+0xc0d620], sa_mask[0]=11111111011111111101111111111110, sa_flags=SA_RESTART|SA_SIGINFO


---------------  S Y S T E M  ---------------

OS:DISTRIB_ID=Pop
DISTRIB_RELEASE=20.04
DISTRIB_CODENAME=focal
DISTRIB_DESCRIPTION="Pop!_OS 20.04 LTS"
uname:Linux 5.4.0-7634-generic #38~1592497129~20.04~9a1ea2e-Ubuntu SMP Fri Jun 19 22:43:37 UTC  x86_64
OS uptime: 0 days 8:47 hours
libc:glibc 2.31 NPTL 2.31 
rlimit: STACK 8192k, CORE 0k, NPROC 63484, NOFILE 1048576, AS infinity, CPU infinity, DATA infinity, FSIZE infinity
load average:2,02 1,63 1,52

/proc/meminfo:
MemTotal:       16408508 kB
MemFree:         6374112 kB
MemAvailable:    9230636 kB
Buffers:          315264 kB
Cached:          3530424 kB
SwapCached:            0 kB
Active:          6752760 kB
Inactive:        2435840 kB
Active(anon):    5384252 kB
Inactive(anon):   831816 kB
Active(file):    1368508 kB
Inactive(file):  1604024 kB
Unevictable:          80 kB
Mlocked:              80 kB
SwapTotal:      33201656 kB
SwapFree:       33201656 kB
Dirty:              5284 kB
Writeback:             0 kB
AnonPages:       5343372 kB
Mapped:          1812236 kB
Shmem:            872988 kB
KReclaimable:     219960 kB
Slab:             447976 kB
SReclaimable:     219960 kB
SUnreclaim:       228016 kB
KernelStack:       25088 kB
PageTables:        69868 kB
NFS_Unstable:          0 kB
Bounce:                0 kB
WritebackTmp:          0 kB
CommitLimit:    41405908 kB
Committed_AS:   20701316 kB
VmallocTotal:   34359738367 kB
VmallocUsed:       66876 kB
VmallocChunk:          0 kB
Percpu:            23936 kB
HardwareCorrupted:     0 kB
AnonHugePages:         0 kB
ShmemHugePages:        0 kB
ShmemPmdMapped:        0 kB
FileHugePages:         0 kB
FilePmdMapped:         0 kB
CmaTotal:              0 kB
CmaFree:               0 kB
HugePages_Total:       0
HugePages_Free:        0
HugePages_Rsvd:        0
HugePages_Surp:        0
Hugepagesize:       2048 kB
Hugetlb:               0 kB
DirectMap4k:      722804 kB
DirectMap2M:    10762240 kB
DirectMap1G:     6291456 kB


/proc/sys/kernel/threads-max (system-wide limit on the number of threads):
126969


/proc/sys/vm/max_map_count (maximum number of memory map areas a process may have):
65530


/proc/sys/kernel/pid_max (system-wide limit on number of process identifiers):
4194304



container (cgroup) information:
container_type: cgroupv1
cpu_cpuset_cpus: 0-7
cpu_memory_nodes: 0
active_processor_count: 8
cpu_quota: -1
cpu_period: 100000
cpu_shares: -1
memory_limit_in_bytes: -1
memory_and_swap_limit_in_bytes: -2
memory_soft_limit_in_bytes: -1
memory_usage_in_bytes: 7822757888
memory_max_usage_in_bytes: 7822815232

Steal ticks since vm start: 0
Steal ticks percentage since vm start:  0,000

CPU:total 8 (initial active 8) (8 cores per cpu, 2 threads per core) family 23 model 1 stepping 1, cmov, cx8, fxsr, mmx, sse, sse2, sse3, ssse3, sse4.1, sse4.2, popcnt, avx, avx2, aes, clmul, mmxext, 3dnowpref, lzcnt, sse4a, ht, tsc, tscinvbit, tscinv, bmi1, bmi2, adx, sha, fma
CPU Model and flags from /proc/cpuinfo:
model name	: AMD Ryzen 5 1500X Quad-Core Processor
flags		: fpu vme de pse tsc msr pae mce cx8 apic sep mtrr pge mca cmov pat pse36 clflush mmx fxsr sse sse2 ht syscall nx mmxext fxsr_opt pdpe1gb rdtscp lm constant_tsc rep_good nopl nonstop_tsc cpuid extd_apicid aperfmperf pni pclmulqdq monitor ssse3 fma cx16 sse4_1 sse4_2 movbe popcnt aes xsave avx f16c rdrand lahf_lm cmp_legacy svm extapic cr8_legacy abm sse4a misalignsse 3dnowprefetch osvw skinit wdt tce topoext perfctr_core perfctr_nb bpext perfctr_llc mwaitx cpb hw_pstate sme ssbd sev ibpb vmmcall fsgsbase bmi1 avx2 smep bmi2 rdseed adx smap clflushopt sha_ni xsaveopt xsavec xgetbv1 xsaves clzero irperf xsaveerptr arat npt lbrv svm_lock nrip_save tsc_scale vmcb_clean flushbyasid decodeassists pausefilter pfthreshold avic v_vmsave_vmload vgif overflow_recov succor smca

Memory: 4k page, physical 16408508k(6374112k free), swap 33201656k(33201656k free)

vm_info: OpenJDK 64-Bit Server VM (11.0.7+10) for linux-amd64 JRE (11.0.7+10), built on Apr 15 2020 10:24:09 by "jenkins" with gcc 7.5.0

END.
